<?xml version="1.0" encoding="UTF-8"?>
<coverage generated="1744152094254" clover="3.2.0">
  <project timestamp="1744152094254" name="All files">
    <metrics statements="115" coveredstatements="110" conditionals="68" coveredconditionals="56" methods="53" coveredmethods="51" elements="236" coveredelements="217" complexity="0" loc="115" ncloc="115" packages="4" files="17" classes="17"/>
    <package name="assets.images">
      <metrics statements="1" coveredstatements="1" conditionals="0" coveredconditionals="0" methods="0" coveredmethods="0"/>
      <file name="pokeball.png" path="/home/flanagan/projects/pokedex-native/assets/images/pokeball.png">
        <metrics statements="1" coveredstatements="1" conditionals="0" coveredconditionals="0" methods="0" coveredmethods="0"/>
        <line num="1" count="2" type="stmt"/>
      </file>
    </package>
    <package name="hooks">
      <metrics statements="17" coveredstatements="17" conditionals="14" coveredconditionals="10" methods="6" coveredmethods="6"/>
      <file name="useDebounceLoading.ts" path="/home/flanagan/projects/pokedex-native/hooks/useDebounceLoading.ts">
        <metrics statements="8" coveredstatements="8" conditionals="2" coveredconditionals="2" methods="4" coveredmethods="4"/>
        <line num="4" count="57" type="stmt"/>
        <line num="6" count="57" type="stmt"/>
        <line num="7" count="18" type="cond" truecount="2" falsecount="0"/>
        <line num="8" count="6" type="stmt"/>
        <line num="10" count="12" type="stmt"/>
        <line num="11" count="1" type="stmt"/>
        <line num="14" count="12" type="stmt"/>
        <line num="18" count="57" type="stmt"/>
      </file>
      <file name="useGetGridDimensions.ts" path="/home/flanagan/projects/pokedex-native/hooks/useGetGridDimensions.ts">
        <metrics statements="9" coveredstatements="9" conditionals="12" coveredconditionals="8" methods="2" coveredmethods="2"/>
        <line num="8" count="57" type="stmt"/>
        <line num="9" count="57" type="stmt"/>
        <line num="11" count="57" type="stmt"/>
        <line num="13" count="57" type="stmt"/>
        <line num="14" count="6" type="cond" truecount="1" falsecount="1"/>
        <line num="15" count="6" type="cond" truecount="3" falsecount="1"/>
        <line num="16" count="6" type="cond" truecount="3" falsecount="1"/>
        <line num="17" count="6" type="cond" truecount="1" falsecount="1"/>
        <line num="19" count="57" type="stmt"/>
      </file>
    </package>
    <package name="modules.Pokemon">
      <metrics statements="35" coveredstatements="33" conditionals="8" coveredconditionals="5" methods="16" coveredmethods="15"/>
      <file name="adapters.ts" path="/home/flanagan/projects/pokedex-native/modules/Pokemon/adapters.ts">
        <metrics statements="15" coveredstatements="14" conditionals="6" coveredconditionals="4" methods="8" coveredmethods="8"/>
        <line num="12" count="57" type="stmt"/>
        <line num="14" count="6" type="stmt"/>
        <line num="16" count="120" type="stmt"/>
        <line num="21" count="32" type="cond" truecount="2" falsecount="2"/>
        <line num="22" count="0" type="stmt"/>
        <line num="25" count="57" type="stmt"/>
        <line num="26" count="57" type="stmt"/>
        <line num="27" count="57" type="stmt"/>
        <line num="34" count="59" type="stmt"/>
        <line num="35" count="59" type="stmt"/>
        <line num="36" count="59" type="cond" truecount="2" falsecount="0"/>
        <line num="38" count="2" type="stmt"/>
        <line num="39" count="2" type="stmt"/>
        <line num="42" count="65" type="stmt"/>
        <line num="44" count="59" type="stmt"/>
      </file>
      <file name="list.screen.tsx" path="/home/flanagan/projects/pokedex-native/modules/Pokemon/list.screen.tsx">
        <metrics statements="5" coveredstatements="4" conditionals="0" coveredconditionals="0" methods="3" coveredmethods="2"/>
        <line num="12" count="22" type="stmt"/>
        <line num="13" count="22" type="stmt"/>
        <line num="14" count="18" type="stmt"/>
        <line num="17" count="22" type="stmt"/>
        <line num="35" count="0" type="stmt"/>
      </file>
      <file name="services.ts" path="/home/flanagan/projects/pokedex-native/modules/Pokemon/services.ts">
        <metrics statements="15" coveredstatements="15" conditionals="2" coveredconditionals="1" methods="5" coveredmethods="5"/>
        <line num="3" count="2" type="stmt"/>
        <line num="6" count="10" type="stmt"/>
        <line num="7" count="10" type="stmt"/>
        <line num="8" count="10" type="stmt"/>
        <line num="14" count="60" type="stmt"/>
        <line num="18" count="15" type="stmt"/>
        <line num="25" count="6" type="stmt"/>
        <line num="26" count="6" type="stmt"/>
        <line num="27" count="6" type="stmt"/>
        <line num="28" count="6" type="cond" truecount="1" falsecount="1"/>
        <line num="29" count="6" type="stmt"/>
        <line num="30" count="6" type="stmt"/>
        <line num="31" count="10" type="stmt"/>
        <line num="33" count="5" type="stmt"/>
        <line num="34" count="5" type="stmt"/>
      </file>
    </package>
    <package name="modules.Pokemon.components">
      <metrics statements="62" coveredstatements="59" conditionals="46" coveredconditionals="41" methods="31" coveredmethods="30"/>
      <file name="EmptyMessage.tsx" path="/home/flanagan/projects/pokedex-native/modules/Pokemon/components/EmptyMessage.tsx">
        <metrics statements="1" coveredstatements="1" conditionals="0" coveredconditionals="0" methods="1" coveredmethods="1"/>
        <line num="7" count="1" type="stmt"/>
      </file>
      <file name="ErrorMessage.tsx" path="/home/flanagan/projects/pokedex-native/modules/Pokemon/components/ErrorMessage.tsx">
        <metrics statements="1" coveredstatements="1" conditionals="0" coveredconditionals="0" methods="1" coveredmethods="1"/>
        <line num="12" count="2" type="stmt"/>
      </file>
      <file name="LoadingCard.tsx" path="/home/flanagan/projects/pokedex-native/modules/Pokemon/components/LoadingCard.tsx">
        <metrics statements="8" coveredstatements="8" conditionals="3" coveredconditionals="3" methods="4" coveredmethods="4"/>
        <line num="16" count="225" type="stmt"/>
        <line num="18" count="225" type="stmt"/>
        <line num="19" count="64" type="cond" truecount="2" falsecount="0"/>
        <line num="20" count="36" type="stmt"/>
        <line num="28" count="28" type="stmt"/>
        <line num="32" count="13835" type="stmt"/>
        <line num="36" count="225" type="stmt"/>
        <line num="37" count="355" type="stmt"/>
      </file>
      <file name="PokemonCard.tsx" path="/home/flanagan/projects/pokedex-native/modules/Pokemon/components/PokemonCard.tsx">
        <metrics statements="11" coveredstatements="11" conditionals="6" coveredconditionals="6" methods="5" coveredmethods="5"/>
        <line num="21" count="65" type="stmt"/>
        <line num="22" count="65" type="cond" truecount="2" falsecount="0"/>
        <line num="24" count="65" type="stmt"/>
        <line num="25" count="22" type="cond" truecount="2" falsecount="0"/>
        <line num="30" count="65" type="stmt"/>
        <line num="31" count="2" type="stmt"/>
        <line num="37" count="65" type="stmt"/>
        <line num="38" count="2" type="stmt"/>
        <line num="44" count="65" type="stmt"/>
        <line num="45" count="402" type="stmt"/>
        <line num="54" count="65" type="stmt"/>
      </file>
      <file name="PokemonDetails.tsx" path="/home/flanagan/projects/pokedex-native/modules/Pokemon/components/PokemonDetails.tsx">
        <metrics statements="8" coveredstatements="8" conditionals="4" coveredconditionals="3" methods="5" coveredmethods="5"/>
        <line num="19" count="2" type="stmt"/>
        <line num="20" count="2" type="stmt"/>
        <line num="21" count="2" type="cond" truecount="1" falsecount="1"/>
        <line num="22" count="2" type="stmt"/>
        <line num="26" count="2" type="stmt"/>
        <line num="38" count="4" type="stmt"/>
        <line num="49" count="6" type="stmt"/>
        <line num="54" count="6" type="stmt"/>
      </file>
      <file name="PokemonList.tsx" path="/home/flanagan/projects/pokedex-native/modules/Pokemon/components/PokemonList.tsx">
        <metrics statements="21" coveredstatements="18" conditionals="27" coveredconditionals="25" methods="7" coveredmethods="6"/>
        <line num="20" count="57" type="stmt"/>
        <line num="21" count="57" type="stmt"/>
        <line num="22" count="57" type="stmt"/>
        <line num="24" count="57" type="stmt"/>
        <line num="25" count="57" type="stmt"/>
        <line num="26" count="57" type="cond" truecount="2" falsecount="0"/>
        <line num="28" count="57" type="cond" truecount="4" falsecount="0"/>
        <line num="30" count="57" type="stmt"/>
        <line num="31" count="51" type="cond" truecount="2" falsecount="0"/>
        <line num="32" count="51" type="cond" truecount="4" falsecount="0"/>
        <line num="33" count="32" type="stmt"/>
        <line num="36" count="57" type="cond" truecount="2" falsecount="0"/>
        <line num="37" count="2" type="stmt"/>
        <line num="40" count="55" type="stmt"/>
        <line num="49" count="312" type="cond" truecount="2" falsecount="0"/>
        <line num="51" count="264" type="cond" truecount="2" falsecount="0"/>
        <line num="58" count="0" type="cond" truecount="0" falsecount="2"/>
        <line num="59" count="0" type="stmt"/>
        <line num="60" count="0" type="stmt"/>
        <line num="66" count="2" type="stmt"/>
        <line num="88" count="1" type="stmt"/>
      </file>
      <file name="PokemonModal.tsx" path="/home/flanagan/projects/pokedex-native/modules/Pokemon/components/PokemonModal.tsx">
        <metrics statements="1" coveredstatements="1" conditionals="0" coveredconditionals="0" methods="1" coveredmethods="1"/>
        <line num="19" count="55" type="stmt"/>
      </file>
      <file name="RefreshButton.tsx" path="/home/flanagan/projects/pokedex-native/modules/Pokemon/components/RefreshButton.tsx">
        <metrics statements="1" coveredstatements="1" conditionals="0" coveredconditionals="0" methods="1" coveredmethods="1"/>
        <line num="8" count="22" type="stmt"/>
      </file>
      <file name="Stat.tsx" path="/home/flanagan/projects/pokedex-native/modules/Pokemon/components/Stat.tsx">
        <metrics statements="2" coveredstatements="2" conditionals="0" coveredconditionals="0" methods="1" coveredmethods="1"/>
        <line num="5" count="2" type="stmt"/>
        <line num="7" count="12" type="stmt"/>
      </file>
      <file name="TypeBadge.tsx" path="/home/flanagan/projects/pokedex-native/modules/Pokemon/components/TypeBadge.tsx">
        <metrics statements="2" coveredstatements="2" conditionals="0" coveredconditionals="0" methods="1" coveredmethods="1"/>
        <line num="5" count="4" type="stmt"/>
        <line num="6" count="4" type="stmt"/>
      </file>
      <file name="utils.ts" path="/home/flanagan/projects/pokedex-native/modules/Pokemon/components/utils.ts">
        <metrics statements="6" coveredstatements="6" conditionals="6" coveredconditionals="4" methods="4" coveredmethods="4"/>
        <line num="4" count="6" type="stmt"/>
        <line num="25" count="6" type="cond" truecount="2" falsecount="0"/>
        <line num="29" count="50" type="cond" truecount="1" falsecount="1"/>
        <line num="30" count="50" type="stmt"/>
        <line num="31" count="50" type="cond" truecount="1" falsecount="1"/>
        <line num="35" count="100" type="stmt"/>
      </file>
    </package>
  </project>
</coverage>
