<?xml version="1.0" encoding="UTF-8"?>
<coverage generated="1744046282820" clover="3.2.0">
  <project timestamp="1744046282820" name="All files">
    <metrics statements="95" coveredstatements="89" conditionals="49" coveredconditionals="37" methods="44" coveredmethods="41" elements="188" coveredelements="167" complexity="0" loc="95" ncloc="95" packages="3" files="12" classes="12"/>
    <package name="hooks">
      <metrics statements="7" coveredstatements="7" conditionals="1" coveredconditionals="1" methods="4" coveredmethods="4"/>
      <file name="useDebounce.ts" path="/Users/jose.garzon/personal/pokedex-native/hooks/useDebounce.ts">
        <metrics statements="7" coveredstatements="7" conditionals="1" coveredconditionals="1" methods="4" coveredmethods="4"/>
        <line num="4" count="14" type="stmt"/>
        <line num="6" count="14" type="stmt"/>
        <line num="7" count="6" type="stmt"/>
        <line num="8" count="3" type="stmt"/>
        <line num="10" count="6" type="stmt"/>
        <line num="11" count="6" type="stmt"/>
        <line num="15" count="14" type="stmt"/>
      </file>
    </package>
    <package name="modules.Pokemon">
      <metrics statements="38" coveredstatements="37" conditionals="20" coveredconditionals="17" methods="17" coveredmethods="17"/>
      <file name="adapters.ts" path="/Users/jose.garzon/personal/pokedex-native/modules/Pokemon/adapters.ts">
        <metrics statements="17" coveredstatements="16" conditionals="8" coveredconditionals="6" methods="10" coveredmethods="10"/>
        <line num="11" count="20" type="stmt"/>
        <line num="13" count="4" type="stmt"/>
        <line num="15" count="44" type="stmt"/>
        <line num="20" count="20" type="cond" truecount="2" falsecount="2"/>
        <line num="21" count="0" type="stmt"/>
        <line num="24" count="20" type="cond" truecount="2" falsecount="0"/>
        <line num="25" count="20" type="stmt"/>
        <line num="33" count="14" type="stmt"/>
        <line num="35" count="2" type="stmt"/>
        <line num="39" count="14" type="stmt"/>
        <line num="46" count="25" type="stmt"/>
        <line num="47" count="25" type="stmt"/>
        <line num="48" count="25" type="cond" truecount="2" falsecount="0"/>
        <line num="50" count="5" type="stmt"/>
        <line num="51" count="5" type="stmt"/>
        <line num="54" count="13" type="stmt"/>
        <line num="56" count="25" type="stmt"/>
      </file>
      <file name="list.screen.tsx" path="/Users/jose.garzon/personal/pokedex-native/modules/Pokemon/list.screen.tsx">
        <metrics statements="6" coveredstatements="6" conditionals="10" coveredconditionals="10" methods="2" coveredmethods="2"/>
        <line num="17" count="14" type="stmt"/>
        <line num="18" count="14" type="stmt"/>
        <line num="19" count="14" type="stmt"/>
        <line num="20" count="14" type="stmt"/>
        <line num="21" count="2" type="stmt"/>
        <line num="24" count="14" type="stmt"/>
      </file>
      <file name="services.ts" path="/Users/jose.garzon/personal/pokedex-native/modules/Pokemon/services.ts">
        <metrics statements="15" coveredstatements="15" conditionals="2" coveredconditionals="1" methods="5" coveredmethods="5"/>
        <line num="3" count="2" type="stmt"/>
        <line num="6" count="5" type="stmt"/>
        <line num="7" count="5" type="stmt"/>
        <line num="8" count="5" type="stmt"/>
        <line num="14" count="24" type="stmt"/>
        <line num="18" count="8" type="stmt"/>
        <line num="25" count="4" type="stmt"/>
        <line num="26" count="4" type="stmt"/>
        <line num="27" count="4" type="stmt"/>
        <line num="28" count="4" type="cond" truecount="1" falsecount="1"/>
        <line num="29" count="4" type="stmt"/>
        <line num="30" count="4" type="stmt"/>
        <line num="31" count="3" type="stmt"/>
        <line num="33" count="3" type="stmt"/>
        <line num="34" count="3" type="stmt"/>
      </file>
    </package>
    <package name="modules.Pokemon.components">
      <metrics statements="50" coveredstatements="45" conditionals="28" coveredconditionals="19" methods="23" coveredmethods="20"/>
      <file name="ErrorMessage.tsx" path="/Users/jose.garzon/personal/pokedex-native/modules/Pokemon/components/ErrorMessage.tsx">
        <metrics statements="1" coveredstatements="1" conditionals="0" coveredconditionals="0" methods="1" coveredmethods="1"/>
        <line num="12" count="2" type="stmt"/>
      </file>
      <file name="PokemonCard.tsx" path="/Users/jose.garzon/personal/pokedex-native/modules/Pokemon/components/PokemonCard.tsx">
        <metrics statements="12" coveredstatements="10" conditionals="6" coveredconditionals="6" methods="5" coveredmethods="3"/>
        <line num="22" count="13" type="stmt"/>
        <line num="23" count="13" type="cond" truecount="2" falsecount="0"/>
        <line num="25" count="13" type="stmt"/>
        <line num="26" count="7" type="cond" truecount="2" falsecount="0"/>
        <line num="31" count="13" type="stmt"/>
        <line num="32" count="0" type="stmt"/>
        <line num="38" count="13" type="stmt"/>
        <line num="39" count="0" type="stmt"/>
        <line num="45" count="13" type="stmt"/>
        <line num="46" count="20" type="stmt"/>
        <line num="55" count="13" type="stmt"/>
        <line num="80" count="2" type="stmt"/>
      </file>
      <file name="PokemonDetails.tsx" path="/Users/jose.garzon/personal/pokedex-native/modules/Pokemon/components/PokemonDetails.tsx">
        <metrics statements="8" coveredstatements="8" conditionals="4" coveredconditionals="3" methods="5" coveredmethods="5"/>
        <line num="19" count="5" type="stmt"/>
        <line num="20" count="5" type="stmt"/>
        <line num="21" count="5" type="cond" truecount="1" falsecount="1"/>
        <line num="22" count="5" type="stmt"/>
        <line num="26" count="5" type="stmt"/>
        <line num="38" count="10" type="stmt"/>
        <line num="49" count="15" type="stmt"/>
        <line num="54" count="15" type="stmt"/>
      </file>
      <file name="PokemonList.tsx" path="/Users/jose.garzon/personal/pokedex-native/modules/Pokemon/components/PokemonList.tsx">
        <metrics statements="22" coveredstatements="19" conditionals="16" coveredconditionals="8" methods="8" coveredmethods="7"/>
        <line num="12" count="20" type="stmt"/>
        <line num="13" count="20" type="stmt"/>
        <line num="14" count="20" type="stmt"/>
        <line num="15" count="20" type="stmt"/>
        <line num="16" count="20" type="stmt"/>
        <line num="18" count="20" type="stmt"/>
        <line num="19" count="6" type="cond" truecount="1" falsecount="1"/>
        <line num="20" count="6" type="cond" truecount="1" falsecount="1"/>
        <line num="21" count="6" type="stmt"/>
        <line num="24" count="20" type="stmt"/>
        <line num="25" count="20" type="stmt"/>
        <line num="26" count="20" type="cond" truecount="1" falsecount="1"/>
        <line num="27" count="20" type="cond" truecount="1" falsecount="1"/>
        <line num="28" count="20" type="stmt"/>
        <line num="31" count="20" type="stmt"/>
        <line num="40" count="19" type="stmt"/>
        <line num="42" count="13" type="stmt"/>
        <line num="46" count="0" type="cond" truecount="0" falsecount="4"/>
        <line num="47" count="0" type="stmt"/>
        <line num="48" count="0" type="stmt"/>
        <line num="54" count="2" type="stmt"/>
        <line num="74" count="1" type="stmt"/>
      </file>
      <file name="PokemonModal.tsx" path="/Users/jose.garzon/personal/pokedex-native/modules/Pokemon/components/PokemonModal.tsx">
        <metrics statements="1" coveredstatements="1" conditionals="0" coveredconditionals="0" methods="1" coveredmethods="1"/>
        <line num="19" count="20" type="stmt"/>
      </file>
      <file name="Stat.tsx" path="/Users/jose.garzon/personal/pokedex-native/modules/Pokemon/components/Stat.tsx">
        <metrics statements="2" coveredstatements="2" conditionals="0" coveredconditionals="0" methods="1" coveredmethods="1"/>
        <line num="5" count="2" type="stmt"/>
        <line num="7" count="30" type="stmt"/>
      </file>
      <file name="TypeBadge.tsx" path="/Users/jose.garzon/personal/pokedex-native/modules/Pokemon/components/TypeBadge.tsx">
        <metrics statements="2" coveredstatements="2" conditionals="0" coveredconditionals="0" methods="1" coveredmethods="1"/>
        <line num="5" count="10" type="stmt"/>
        <line num="6" count="10" type="stmt"/>
      </file>
      <file name="utils.ts" path="/Users/jose.garzon/personal/pokedex-native/modules/Pokemon/components/utils.ts">
        <metrics statements="2" coveredstatements="2" conditionals="2" coveredconditionals="2" methods="1" coveredmethods="1"/>
        <line num="2" count="12" type="stmt"/>
        <line num="23" count="12" type="cond" truecount="2" falsecount="0"/>
      </file>
    </package>
  </project>
</coverage>
