{"/Users/jose.garzon/personal/pokedex-native/hooks/useDebounce.ts": {"path":"/Users/jose.garzon/personal/pokedex-native/hooks/useDebounce.ts","statementMap":{"0":{"start":{"line":4,"column":46},"end":{"line":4,"column":61}},"1":{"start":{"line":6,"column":2},"end":{"line":13,"column":21}},"2":{"start":{"line":7,"column":20},"end":{"line":9,"column":13}},"3":{"start":{"line":8,"column":6},"end":{"line":8,"column":31}},"4":{"start":{"line":10,"column":4},"end":{"line":12,"column":6}},"5":{"start":{"line":11,"column":6},"end":{"line":11,"column":28}},"6":{"start":{"line":15,"column":2},"end":{"line":15,"column":24}}},"fnMap":{"0":{"name":"useDebounce","decl":{"start":{"line":3,"column":9},"end":{"line":3,"column":20}},"loc":{"start":{"line":3,"column":50},"end":{"line":16,"column":1}},"line":3},"1":{"name":"(anonymous_1)","decl":{"start":{"line":6,"column":12},"end":{"line":6,"column":13}},"loc":{"start":{"line":6,"column":18},"end":{"line":13,"column":3}},"line":6},"2":{"name":"(anonymous_2)","decl":{"start":{"line":7,"column":31},"end":{"line":7,"column":32}},"loc":{"start":{"line":7,"column":37},"end":{"line":9,"column":5}},"line":7},"3":{"name":"(anonymous_3)","decl":{"start":{"line":10,"column":11},"end":{"line":10,"column":12}},"loc":{"start":{"line":10,"column":17},"end":{"line":12,"column":5}},"line":10}},"branchMap":{"0":{"loc":{"start":{"line":3,"column":34},"end":{"line":3,"column":45}},"type":"default-arg","locations":[{"start":{"line":3,"column":42},"end":{"line":3,"column":45}}],"line":3}},"s":{"0":14,"1":14,"2":6,"3":3,"4":6,"5":6,"6":14},"f":{"0":14,"1":6,"2":3,"3":6},"b":{"0":[14]},"_coverageSchema":"1a1c01bbd47fc00a2c39e90264f33305004495a9","hash":"6b38f94b3e3f3ae06b891c15a8debc3680795d1e"}
,"/Users/jose.garzon/personal/pokedex-native/modules/Pokemon/adapters.ts": {"path":"/Users/jose.garzon/personal/pokedex-native/modules/Pokemon/adapters.ts","statementMap":{"0":{"start":{"line":11,"column":66},"end":{"line":17,"column":4}},"1":{"start":{"line":13,"column":32},"end":{"line":13,"column":56}},"2":{"start":{"line":15,"column":34},"end":{"line":15,"column":47}},"3":{"start":{"line":20,"column":4},"end":{"line":22,"column":5}},"4":{"start":{"line":21,"column":6},"end":{"line":21,"column":28}},"5":{"start":{"line":24,"column":19},"end":{"line":24,"column":66}},"6":{"start":{"line":24,"column":47},"end":{"line":24,"column":59}},"7":{"start":{"line":25,"column":2},"end":{"line":25,"column":71}},"8":{"start":{"line":33,"column":37},"end":{"line":38,"column":4}},"9":{"start":{"line":35,"column":19},"end":{"line":35,"column":37}},"10":{"start":{"line":39,"column":2},"end":{"line":39,"column":36}},"11":{"start":{"line":46,"column":22},"end":{"line":46,"column":38}},"12":{"start":{"line":47,"column":25},"end":{"line":47,"column":80}},"13":{"start":{"line":48,"column":15},"end":{"line":48,"column":35}},"14":{"start":{"line":50,"column":24},"end":{"line":50,"column":37}},"15":{"start":{"line":51,"column":4},"end":{"line":51,"column":63}},"16":{"start":{"line":54,"column":4},"end":{"line":54,"column":29}},"17":{"start":{"line":56,"column":2},"end":{"line":56,"column":48}}},"fnMap":{"0":{"name":"useGetPokemonList","decl":{"start":{"line":5,"column":16},"end":{"line":5,"column":33}},"loc":{"start":{"line":10,"column":2},"end":{"line":26,"column":1}},"line":10},"1":{"name":"(anonymous_1)","decl":{"start":{"line":13,"column":13},"end":{"line":13,"column":14}},"loc":{"start":{"line":13,"column":32},"end":{"line":13,"column":56}},"line":13},"2":{"name":"(anonymous_2)","decl":{"start":{"line":15,"column":22},"end":{"line":15,"column":23}},"loc":{"start":{"line":15,"column":34},"end":{"line":15,"column":47}},"line":15},"3":{"name":"getNextPage","decl":{"start":{"line":19,"column":17},"end":{"line":19,"column":28}},"loc":{"start":{"line":19,"column":31},"end":{"line":23,"column":3}},"line":19},"4":{"name":"(anonymous_4)","decl":{"start":{"line":24,"column":39},"end":{"line":24,"column":40}},"loc":{"start":{"line":24,"column":47},"end":{"line":24,"column":59}},"line":24},"5":{"name":"useGetPokemon","decl":{"start":{"line":28,"column":16},"end":{"line":28,"column":29}},"loc":{"start":{"line":32,"column":2},"end":{"line":40,"column":1}},"line":32},"6":{"name":"(anonymous_6)","decl":{"start":{"line":35,"column":13},"end":{"line":35,"column":14}},"loc":{"start":{"line":35,"column":19},"end":{"line":35,"column":37}},"line":35},"7":{"name":"usePersistVisitedPokemon","decl":{"start":{"line":42,"column":16},"end":{"line":42,"column":40}},"loc":{"start":{"line":45,"column":2},"end":{"line":57,"column":1}},"line":45},"8":{"name":"savePokemonVisited","decl":{"start":{"line":49,"column":11},"end":{"line":49,"column":29}},"loc":{"start":{"line":49,"column":42},"end":{"line":52,"column":3}},"line":49},"9":{"name":"checkIfVisited","decl":{"start":{"line":53,"column":11},"end":{"line":53,"column":25}},"loc":{"start":{"line":53,"column":38},"end":{"line":55,"column":3}},"line":53}},"branchMap":{"0":{"loc":{"start":{"line":20,"column":4},"end":{"line":22,"column":5}},"type":"if","locations":[{"start":{"line":20,"column":4},"end":{"line":22,"column":5}},{"start":{},"end":{}}],"line":20},"1":{"loc":{"start":{"line":20,"column":8},"end":{"line":20,"column":34}},"type":"binary-expr","locations":[{"start":{"line":20,"column":8},"end":{"line":20,"column":19}},{"start":{"line":20,"column":23},"end":{"line":20,"column":34}}],"line":20},"2":{"loc":{"start":{"line":24,"column":19},"end":{"line":24,"column":66}},"type":"binary-expr","locations":[{"start":{"line":24,"column":19},"end":{"line":24,"column":60}},{"start":{"line":24,"column":64},"end":{"line":24,"column":66}}],"line":24},"3":{"loc":{"start":{"line":48,"column":15},"end":{"line":48,"column":35}},"type":"binary-expr","locations":[{"start":{"line":48,"column":15},"end":{"line":48,"column":29}},{"start":{"line":48,"column":33},"end":{"line":48,"column":35}}],"line":48}},"s":{"0":20,"1":4,"2":44,"3":20,"4":0,"5":20,"6":14,"7":20,"8":14,"9":2,"10":14,"11":25,"12":25,"13":25,"14":5,"15":5,"16":13,"17":25},"f":{"0":20,"1":4,"2":44,"3":20,"4":14,"5":14,"6":2,"7":25,"8":5,"9":13},"b":{"0":[0,20],"1":[20,0],"2":[20,6],"3":[25,14]},"_coverageSchema":"1a1c01bbd47fc00a2c39e90264f33305004495a9","hash":"55baa6523a9f50aeccbf5096f3049bbdd48348fc"}
,"/Users/jose.garzon/personal/pokedex-native/modules/Pokemon/list.screen.tsx": {"path":"/Users/jose.garzon/personal/pokedex-native/modules/Pokemon/list.screen.tsx","statementMap":{"0":{"start":{"line":17,"column":30},"end":{"line":17,"column":42}},"1":{"start":{"line":18,"column":26},"end":{"line":18,"column":45}},"2":{"start":{"line":19,"column":51},"end":{"line":19,"column":81}},"3":{"start":{"line":20,"column":28},"end":{"line":22,"column":3}},"4":{"start":{"line":21,"column":4},"end":{"line":21,"column":20}},"5":{"start":{"line":24,"column":2},"end":{"line":55,"column":4}}},"fnMap":{"0":{"name":"PokeListScreen","decl":{"start":{"line":16,"column":16},"end":{"line":16,"column":30}},"loc":{"start":{"line":16,"column":33},"end":{"line":56,"column":1}},"line":16},"1":{"name":"(anonymous_1)","decl":{"start":{"line":20,"column":28},"end":{"line":20,"column":29}},"loc":{"start":{"line":20,"column":46},"end":{"line":22,"column":3}},"line":20}},"branchMap":{"0":{"loc":{"start":{"line":35,"column":9},"end":{"line":40,"column":9}},"type":"binary-expr","locations":[{"start":{"line":35,"column":9},"end":{"line":35,"column":23}},{"start":{"line":36,"column":10},"end":{"line":39,"column":12}}],"line":35},"1":{"loc":{"start":{"line":41,"column":9},"end":{"line":41,"column":60}},"type":"binary-expr","locations":[{"start":{"line":41,"column":9},"end":{"line":41,"column":18}},{"start":{"line":41,"column":22},"end":{"line":41,"column":60}}],"line":41},"2":{"loc":{"start":{"line":42,"column":9},"end":{"line":50,"column":9}},"type":"binary-expr","locations":[{"start":{"line":42,"column":9},"end":{"line":42,"column":21}},{"start":{"line":43,"column":10},"end":{"line":49,"column":26}}],"line":42},"3":{"loc":{"start":{"line":51,"column":9},"end":{"line":51,"column":59}},"type":"binary-expr","locations":[{"start":{"line":51,"column":9},"end":{"line":51,"column":16}},{"start":{"line":51,"column":20},"end":{"line":51,"column":30}},{"start":{"line":51,"column":34},"end":{"line":51,"column":40}},{"start":{"line":51,"column":44},"end":{"line":51,"column":59}}],"line":51}},"s":{"0":14,"1":14,"2":14,"3":14,"4":2,"5":14},"f":{"0":14,"1":2},"b":{"0":[14,1],"1":[14,1],"2":[14,3],"3":[14,6,6,6]},"_coverageSchema":"1a1c01bbd47fc00a2c39e90264f33305004495a9","hash":"4e136689b7acc9a4e46b084b4621f6021b2c4f82"}
,"/Users/jose.garzon/personal/pokedex-native/modules/Pokemon/services.ts": {"path":"/Users/jose.garzon/personal/pokedex-native/modules/Pokemon/services.ts","statementMap":{"0":{"start":{"line":3,"column":19},"end":{"line":3,"column":21}},"1":{"start":{"line":6,"column":19},"end":{"line":6,"column":75}},"2":{"start":{"line":7,"column":15},"end":{"line":7,"column":57}},"3":{"start":{"line":8,"column":2},"end":{"line":21,"column":4}},"4":{"start":{"line":14,"column":35},"end":{"line":17,"column":5}},"5":{"start":{"line":18,"column":34},"end":{"line":18,"column":48}},"6":{"start":{"line":25,"column":14},"end":{"line":25,"column":86}},"7":{"start":{"line":26,"column":19},"end":{"line":26,"column":35}},"8":{"start":{"line":27,"column":15},"end":{"line":27,"column":58}},"9":{"start":{"line":28,"column":21},"end":{"line":28,"column":93}},"10":{"start":{"line":29,"column":18},"end":{"line":29,"column":30}},"11":{"start":{"line":30,"column":25},"end":{"line":32,"column":4}},"12":{"start":{"line":31,"column":4},"end":{"line":31,"column":37}},"13":{"start":{"line":33,"column":22},"end":{"line":33,"column":55}},"14":{"start":{"line":34,"column":2},"end":{"line":34,"column":52}}},"fnMap":{"0":{"name":"fetchPokemon","decl":{"start":{"line":5,"column":22},"end":{"line":5,"column":34}},"loc":{"start":{"line":5,"column":67},"end":{"line":22,"column":1}},"line":5},"1":{"name":"(anonymous_1)","decl":{"start":{"line":14,"column":26},"end":{"line":14,"column":27}},"loc":{"start":{"line":14,"column":35},"end":{"line":17,"column":5}},"line":14},"2":{"name":"(anonymous_2)","decl":{"start":{"line":18,"column":26},"end":{"line":18,"column":27}},"loc":{"start":{"line":18,"column":34},"end":{"line":18,"column":48}},"line":18},"3":{"name":"fetchPokeList","decl":{"start":{"line":24,"column":22},"end":{"line":24,"column":35}},"loc":{"start":{"line":24,"column":71},"end":{"line":35,"column":1}},"line":24},"4":{"name":"(anonymous_4)","decl":{"start":{"line":30,"column":37},"end":{"line":30,"column":38}},"loc":{"start":{"line":30,"column":73},"end":{"line":32,"column":3}},"line":30}},"branchMap":{"0":{"loc":{"start":{"line":28,"column":21},"end":{"line":28,"column":93}},"type":"cond-expr","locations":[{"start":{"line":28,"column":33},"end":{"line":28,"column":86}},{"start":{"line":28,"column":89},"end":{"line":28,"column":93}}],"line":28}},"s":{"0":2,"1":5,"2":5,"3":5,"4":24,"5":8,"6":4,"7":4,"8":4,"9":4,"10":4,"11":4,"12":3,"13":3,"14":3},"f":{"0":5,"1":24,"2":8,"3":4,"4":3},"b":{"0":[0,4]},"_coverageSchema":"1a1c01bbd47fc00a2c39e90264f33305004495a9","hash":"98068cad1df5d0a9b5eafa2bbdd5a1fa94e29fb1"}
,"/Users/jose.garzon/personal/pokedex-native/modules/Pokemon/components/ErrorMessage.tsx": {"path":"/Users/jose.garzon/personal/pokedex-native/modules/Pokemon/components/ErrorMessage.tsx","statementMap":{"0":{"start":{"line":12,"column":2},"end":{"line":24,"column":4}}},"fnMap":{"0":{"name":"ErrorMessage","decl":{"start":{"line":11,"column":16},"end":{"line":11,"column":28}},"loc":{"start":{"line":11,"column":68},"end":{"line":25,"column":1}},"line":11}},"branchMap":{},"s":{"0":2},"f":{"0":2},"b":{},"_coverageSchema":"1a1c01bbd47fc00a2c39e90264f33305004495a9","hash":"3b91910619f707711139bc913b8e29ca41280420"}
,"/Users/jose.garzon/personal/pokedex-native/modules/Pokemon/components/PokemonCard.tsx": {"path":"/Users/jose.garzon/personal/pokedex-native/modules/Pokemon/components/PokemonCard.tsx","statementMap":{"0":{"start":{"line":22,"column":16},"end":{"line":22,"column":33}},"1":{"start":{"line":23,"column":18},"end":{"line":23,"column":51}},"2":{"start":{"line":25,"column":2},"end":{"line":29,"column":25}},"3":{"start":{"line":26,"column":4},"end":{"line":28,"column":7}},"4":{"start":{"line":31,"column":24},"end":{"line":36,"column":3}},"5":{"start":{"line":32,"column":4},"end":{"line":35,"column":7}},"6":{"start":{"line":38,"column":25},"end":{"line":43,"column":3}},"7":{"start":{"line":39,"column":4},"end":{"line":42,"column":7}},"8":{"start":{"line":45,"column":25},"end":{"line":53,"column":4}},"9":{"start":{"line":46,"column":4},"end":{"line":52,"column":6}},"10":{"start":{"line":55,"column":2},"end":{"line":77,"column":4}},"11":{"start":{"line":80,"column":15},"end":{"line":86,"column":2}}},"fnMap":{"0":{"name":"PokemonCard","decl":{"start":{"line":21,"column":16},"end":{"line":21,"column":27}},"loc":{"start":{"line":21,"column":77},"end":{"line":78,"column":1}},"line":21},"1":{"name":"(anonymous_1)","decl":{"start":{"line":25,"column":12},"end":{"line":25,"column":13}},"loc":{"start":{"line":25,"column":18},"end":{"line":29,"column":3}},"line":25},"2":{"name":"(anonymous_2)","decl":{"start":{"line":31,"column":24},"end":{"line":31,"column":25}},"loc":{"start":{"line":31,"column":30},"end":{"line":36,"column":3}},"line":31},"3":{"name":"(anonymous_3)","decl":{"start":{"line":38,"column":25},"end":{"line":38,"column":26}},"loc":{"start":{"line":38,"column":31},"end":{"line":43,"column":3}},"line":38},"4":{"name":"(anonymous_4)","decl":{"start":{"line":45,"column":42},"end":{"line":45,"column":43}},"loc":{"start":{"line":45,"column":48},"end":{"line":53,"column":3}},"line":45}},"branchMap":{"0":{"loc":{"start":{"line":23,"column":33},"end":{"line":23,"column":50}},"type":"cond-expr","locations":[{"start":{"line":23,"column":43},"end":{"line":23,"column":44}},{"start":{"line":23,"column":47},"end":{"line":23,"column":50}}],"line":23},"1":{"loc":{"start":{"line":26,"column":31},"end":{"line":26,"column":48}},"type":"cond-expr","locations":[{"start":{"line":26,"column":41},"end":{"line":26,"column":42}},{"start":{"line":26,"column":45},"end":{"line":26,"column":48}}],"line":26},"2":{"loc":{"start":{"line":66,"column":83},"end":{"line":66,"column":127}},"type":"cond-expr","locations":[{"start":{"line":66,"column":93},"end":{"line":66,"column":108}},{"start":{"line":66,"column":111},"end":{"line":66,"column":127}}],"line":66}},"s":{"0":13,"1":13,"2":13,"3":7,"4":13,"5":0,"6":13,"7":0,"8":13,"9":20,"10":13,"11":2},"f":{"0":13,"1":7,"2":0,"3":0,"4":20},"b":{"0":[7,6],"1":[4,3],"2":[7,6]},"_coverageSchema":"1a1c01bbd47fc00a2c39e90264f33305004495a9","hash":"e1bface51e8b4069e2f959cbb9e1a65c23c762c9"}
,"/Users/jose.garzon/personal/pokedex-native/modules/Pokemon/components/PokemonDetails.tsx": {"path":"/Users/jose.garzon/personal/pokedex-native/modules/Pokemon/components/PokemonDetails.tsx","statementMap":{"0":{"start":{"line":19,"column":33},"end":{"line":19,"column":59}},"1":{"start":{"line":20,"column":2},"end":{"line":24,"column":36}},"2":{"start":{"line":21,"column":4},"end":{"line":23,"column":5}},"3":{"start":{"line":22,"column":6},"end":{"line":22,"column":37}},"4":{"start":{"line":26,"column":2},"end":{"line":61,"column":4}},"5":{"start":{"line":38,"column":14},"end":{"line":38,"column":50}},"6":{"start":{"line":49,"column":16},"end":{"line":49,"column":76}},"7":{"start":{"line":54,"column":16},"end":{"line":54,"column":76}}},"fnMap":{"0":{"name":"PokemonDetails","decl":{"start":{"line":18,"column":16},"end":{"line":18,"column":30}},"loc":{"start":{"line":18,"column":65},"end":{"line":62,"column":1}},"line":18},"1":{"name":"(anonymous_1)","decl":{"start":{"line":20,"column":12},"end":{"line":20,"column":13}},"loc":{"start":{"line":20,"column":18},"end":{"line":24,"column":3}},"line":20},"2":{"name":"(anonymous_2)","decl":{"start":{"line":37,"column":31},"end":{"line":37,"column":32}},"loc":{"start":{"line":38,"column":14},"end":{"line":38,"column":50}},"line":38},"3":{"name":"(anonymous_3)","decl":{"start":{"line":48,"column":45},"end":{"line":48,"column":46}},"loc":{"start":{"line":49,"column":16},"end":{"line":49,"column":76}},"line":49},"4":{"name":"(anonymous_4)","decl":{"start":{"line":53,"column":42},"end":{"line":53,"column":43}},"loc":{"start":{"line":54,"column":16},"end":{"line":54,"column":76}},"line":54}},"branchMap":{"0":{"loc":{"start":{"line":21,"column":4},"end":{"line":23,"column":5}},"type":"if","locations":[{"start":{"line":21,"column":4},"end":{"line":23,"column":5}},{"start":{},"end":{}}],"line":21},"1":{"loc":{"start":{"line":28,"column":7},"end":{"line":59,"column":7}},"type":"binary-expr","locations":[{"start":{"line":28,"column":7},"end":{"line":28,"column":14}},{"start":{"line":29,"column":8},"end":{"line":58,"column":17}}],"line":28}},"s":{"0":5,"1":5,"2":5,"3":5,"4":5,"5":10,"6":15,"7":15},"f":{"0":5,"1":5,"2":10,"3":15,"4":15},"b":{"0":[5,0],"1":[5,5]},"_coverageSchema":"1a1c01bbd47fc00a2c39e90264f33305004495a9","hash":"e484cbf3707335652eaeedac9fb297cc24aacb16"}
,"/Users/jose.garzon/personal/pokedex-native/modules/Pokemon/components/PokemonList.tsx": {"path":"/Users/jose.garzon/personal/pokedex-native/modules/Pokemon/components/PokemonList.tsx","statementMap":{"0":{"start":{"line":12,"column":40},"end":{"line":12,"column":70}},"1":{"start":{"line":13,"column":60},"end":{"line":13,"column":79}},"2":{"start":{"line":14,"column":29},"end":{"line":14,"column":55}},"3":{"start":{"line":15,"column":38},"end":{"line":15,"column":59}},"4":{"start":{"line":16,"column":28},"end":{"line":16,"column":49}},"5":{"start":{"line":18,"column":22},"end":{"line":22,"column":13}},"6":{"start":{"line":19,"column":4},"end":{"line":19,"column":32}},"7":{"start":{"line":19,"column":23},"end":{"line":19,"column":32}},"8":{"start":{"line":20,"column":4},"end":{"line":20,"column":31}},"9":{"start":{"line":20,"column":22},"end":{"line":20,"column":31}},"10":{"start":{"line":21,"column":4},"end":{"line":21,"column":13}},"11":{"start":{"line":24,"column":25},"end":{"line":24,"column":55}},"12":{"start":{"line":25,"column":2},"end":{"line":30,"column":17}},"13":{"start":{"line":26,"column":23},"end":{"line":26,"column":44}},"14":{"start":{"line":27,"column":4},"end":{"line":29,"column":5}},"15":{"start":{"line":28,"column":6},"end":{"line":28,"column":20}},"16":{"start":{"line":31,"column":2},"end":{"line":77,"column":4}},"17":{"start":{"line":40,"column":32},"end":{"line":40,"column":50}},"18":{"start":{"line":42,"column":12},"end":{"line":57,"column":18}},"19":{"start":{"line":46,"column":16},"end":{"line":46,"column":67}},"20":{"start":{"line":46,"column":60},"end":{"line":46,"column":67}},"21":{"start":{"line":47,"column":35},"end":{"line":47,"column":59}},"22":{"start":{"line":48,"column":16},"end":{"line":48,"column":38}},"23":{"start":{"line":54,"column":31},"end":{"line":54,"column":51}},"24":{"start":{"line":74,"column":23},"end":{"line":74,"column":43}}},"fnMap":{"0":{"name":"PokemonList","decl":{"start":{"line":11,"column":16},"end":{"line":11,"column":27}},"loc":{"start":{"line":11,"column":30},"end":{"line":78,"column":1}},"line":11},"1":{"name":"(anonymous_1)","decl":{"start":{"line":18,"column":30},"end":{"line":18,"column":31}},"loc":{"start":{"line":18,"column":36},"end":{"line":22,"column":3}},"line":18},"2":{"name":"(anonymous_2)","decl":{"start":{"line":25,"column":12},"end":{"line":25,"column":13}},"loc":{"start":{"line":25,"column":18},"end":{"line":30,"column":3}},"line":25},"3":{"name":"(anonymous_3)","decl":{"start":{"line":40,"column":24},"end":{"line":40,"column":25}},"loc":{"start":{"line":40,"column":32},"end":{"line":40,"column":50}},"line":40},"4":{"name":"(anonymous_4)","decl":{"start":{"line":41,"column":22},"end":{"line":41,"column":23}},"loc":{"start":{"line":42,"column":12},"end":{"line":57,"column":18}},"line":42},"5":{"name":"(anonymous_5)","decl":{"start":{"line":45,"column":24},"end":{"line":45,"column":25}},"loc":{"start":{"line":45,"column":33},"end":{"line":49,"column":15}},"line":45},"6":{"name":"(anonymous_6)","decl":{"start":{"line":54,"column":25},"end":{"line":54,"column":26}},"loc":{"start":{"line":54,"column":31},"end":{"line":54,"column":51}},"line":54},"7":{"name":"(anonymous_7)","decl":{"start":{"line":74,"column":17},"end":{"line":74,"column":18}},"loc":{"start":{"line":74,"column":23},"end":{"line":74,"column":43}},"line":74}},"branchMap":{"0":{"loc":{"start":{"line":19,"column":4},"end":{"line":19,"column":32}},"type":"if","locations":[{"start":{"line":19,"column":4},"end":{"line":19,"column":32}},{"start":{},"end":{}}],"line":19},"1":{"loc":{"start":{"line":20,"column":4},"end":{"line":20,"column":31}},"type":"if","locations":[{"start":{"line":20,"column":4},"end":{"line":20,"column":31}},{"start":{},"end":{}}],"line":20},"2":{"loc":{"start":{"line":26,"column":23},"end":{"line":26,"column":44}},"type":"binary-expr","locations":[{"start":{"line":26,"column":23},"end":{"line":26,"column":39}},{"start":{"line":26,"column":43},"end":{"line":26,"column":44}}],"line":26},"3":{"loc":{"start":{"line":27,"column":4},"end":{"line":29,"column":5}},"type":"if","locations":[{"start":{"line":27,"column":4},"end":{"line":29,"column":5}},{"start":{},"end":{}}],"line":27},"4":{"loc":{"start":{"line":33,"column":7},"end":{"line":70,"column":7}},"type":"cond-expr","locations":[{"start":{"line":34,"column":8},"end":{"line":34,"column":87}},{"start":{"line":36,"column":8},"end":{"line":69,"column":10}}],"line":33},"5":{"loc":{"start":{"line":46,"column":16},"end":{"line":46,"column":67}},"type":"if","locations":[{"start":{"line":46,"column":16},"end":{"line":46,"column":67}},{"start":{},"end":{}}],"line":46},"6":{"loc":{"start":{"line":46,"column":20},"end":{"line":46,"column":58}},"type":"binary-expr","locations":[{"start":{"line":46,"column":20},"end":{"line":46,"column":33}},{"start":{"line":46,"column":37},"end":{"line":46,"column":58}}],"line":46},"7":{"loc":{"start":{"line":62,"column":12},"end":{"line":66,"column":20}},"type":"cond-expr","locations":[{"start":{"line":63,"column":14},"end":{"line":65,"column":20}},{"start":{"line":66,"column":16},"end":{"line":66,"column":20}}],"line":62}},"s":{"0":20,"1":20,"2":20,"3":20,"4":20,"5":20,"6":6,"7":0,"8":6,"9":0,"10":6,"11":20,"12":20,"13":20,"14":20,"15":20,"16":20,"17":19,"18":13,"19":0,"20":0,"21":0,"22":0,"23":2,"24":1},"f":{"0":20,"1":6,"2":20,"3":19,"4":13,"5":0,"6":2,"7":1},"b":{"0":[0,6],"1":[0,6],"2":[20,0],"3":[20,0],"4":[1,19],"5":[0,0],"6":[0,0],"7":[8,11]},"_coverageSchema":"1a1c01bbd47fc00a2c39e90264f33305004495a9","hash":"9d06bd2181a8b4475dddb0405c9f114e34422391"}
,"/Users/jose.garzon/personal/pokedex-native/modules/Pokemon/components/PokemonModal.tsx": {"path":"/Users/jose.garzon/personal/pokedex-native/modules/Pokemon/components/PokemonModal.tsx","statementMap":{"0":{"start":{"line":19,"column":2},"end":{"line":32,"column":4}}},"fnMap":{"0":{"name":"PokemonModal","decl":{"start":{"line":18,"column":16},"end":{"line":18,"column":28}},"loc":{"start":{"line":18,"column":72},"end":{"line":33,"column":1}},"line":18}},"branchMap":{},"s":{"0":20},"f":{"0":20},"b":{},"_coverageSchema":"1a1c01bbd47fc00a2c39e90264f33305004495a9","hash":"5f783ba6a0e4326b8981a8bd539719cb48491205"}
,"/Users/jose.garzon/personal/pokedex-native/modules/Pokemon/components/Stat.tsx": {"path":"/Users/jose.garzon/personal/pokedex-native/modules/Pokemon/components/Stat.tsx","statementMap":{"0":{"start":{"line":5,"column":18},"end":{"line":5,"column":21}},"1":{"start":{"line":7,"column":2},"end":{"line":14,"column":4}}},"fnMap":{"0":{"name":"Stat","decl":{"start":{"line":6,"column":16},"end":{"line":6,"column":20}},"loc":{"start":{"line":6,"column":71},"end":{"line":15,"column":1}},"line":6}},"branchMap":{},"s":{"0":2,"1":30},"f":{"0":30},"b":{},"_coverageSchema":"1a1c01bbd47fc00a2c39e90264f33305004495a9","hash":"59d46551b444fcbb9a8ad856cfa651054c7927b6"}
,"/Users/jose.garzon/personal/pokedex-native/modules/Pokemon/components/TypeBadge.tsx": {"path":"/Users/jose.garzon/personal/pokedex-native/modules/Pokemon/components/TypeBadge.tsx","statementMap":{"0":{"start":{"line":5,"column":32},"end":{"line":5,"column":50}},"1":{"start":{"line":6,"column":2},"end":{"line":13,"column":4}}},"fnMap":{"0":{"name":"TypeBadge","decl":{"start":{"line":4,"column":16},"end":{"line":4,"column":25}},"loc":{"start":{"line":4,"column":54},"end":{"line":14,"column":1}},"line":4}},"branchMap":{},"s":{"0":10,"1":10},"f":{"0":10},"b":{},"_coverageSchema":"1a1c01bbd47fc00a2c39e90264f33305004495a9","hash":"da45bb1bde326482c0ed7328ba5ef5c089f7b2f2"}
,"/Users/jose.garzon/personal/pokedex-native/modules/Pokemon/components/utils.ts": {"path":"/Users/jose.garzon/personal/pokedex-native/modules/Pokemon/components/utils.ts","statementMap":{"0":{"start":{"line":2,"column":76},"end":{"line":21,"column":3}},"1":{"start":{"line":23,"column":2},"end":{"line":23,"column":47}}},"fnMap":{"0":{"name":"getTypeColor","decl":{"start":{"line":1,"column":16},"end":{"line":1,"column":28}},"loc":{"start":{"line":1,"column":82},"end":{"line":24,"column":1}},"line":1}},"branchMap":{"0":{"loc":{"start":{"line":23,"column":9},"end":{"line":23,"column":46}},"type":"binary-expr","locations":[{"start":{"line":23,"column":9},"end":{"line":23,"column":25}},{"start":{"line":23,"column":29},"end":{"line":23,"column":46}}],"line":23}},"s":{"0":12,"1":12},"f":{"0":12},"b":{"0":[12,1]},"_coverageSchema":"1a1c01bbd47fc00a2c39e90264f33305004495a9","hash":"0861fd62fff2739fa12e87700dc23d92a01a759e"}
}
