{"/home/flanagan/projects/pokedex-native/assets/images/pokeball.png": {"path":"/home/flanagan/projects/pokedex-native/assets/images/pokeball.png","statementMap":{"0":{"start":{"line":1,"column":0},"end":{"line":4,"column":6}}},"fnMap":{},"branchMap":{},"s":{"0":2},"f":{},"b":{},"_coverageSchema":"1a1c01bbd47fc00a2c39e90264f33305004495a9","hash":"ff902c7b9c2f84831dd6c3647964d9e2a8c83970"}
,"/home/flanagan/projects/pokedex-native/hooks/useDebounceLoading.ts": {"path":"/home/flanagan/projects/pokedex-native/hooks/useDebounceLoading.ts","statementMap":{"0":{"start":{"line":4,"column":46},"end":{"line":4,"column":61}},"1":{"start":{"line":6,"column":2},"end":{"line":16,"column":21}},"2":{"start":{"line":7,"column":4},"end":{"line":15,"column":5}},"3":{"start":{"line":8,"column":6},"end":{"line":8,"column":30}},"4":{"start":{"line":10,"column":20},"end":{"line":12,"column":15}},"5":{"start":{"line":11,"column":8},"end":{"line":11,"column":33}},"6":{"start":{"line":14,"column":6},"end":{"line":14,"column":39}},"7":{"start":{"line":14,"column":19},"end":{"line":14,"column":38}},"8":{"start":{"line":18,"column":2},"end":{"line":18,"column":24}}},"fnMap":{"0":{"name":"useDebounceLoading","decl":{"start":{"line":3,"column":16},"end":{"line":3,"column":34}},"loc":{"start":{"line":3,"column":66},"end":{"line":19,"column":1}},"line":3},"1":{"name":"(anonymous_1)","decl":{"start":{"line":6,"column":12},"end":{"line":6,"column":13}},"loc":{"start":{"line":6,"column":18},"end":{"line":16,"column":3}},"line":6},"2":{"name":"(anonymous_2)","decl":{"start":{"line":10,"column":31},"end":{"line":10,"column":32}},"loc":{"start":{"line":10,"column":37},"end":{"line":12,"column":7}},"line":10},"3":{"name":"(anonymous_3)","decl":{"start":{"line":14,"column":13},"end":{"line":14,"column":14}},"loc":{"start":{"line":14,"column":19},"end":{"line":14,"column":38}},"line":14}},"branchMap":{"0":{"loc":{"start":{"line":7,"column":4},"end":{"line":15,"column":5}},"type":"if","locations":[{"start":{"line":7,"column":4},"end":{"line":15,"column":5}},{"start":{"line":9,"column":11},"end":{"line":15,"column":5}}],"line":7}},"s":{"0":57,"1":57,"2":18,"3":6,"4":12,"5":1,"6":12,"7":12,"8":57},"f":{"0":57,"1":18,"2":1,"3":12},"b":{"0":[6,12]},"_coverageSchema":"1a1c01bbd47fc00a2c39e90264f33305004495a9","hash":"ae97b375dd69da071215bd970a936a50ce388ac4"}
,"/home/flanagan/projects/pokedex-native/hooks/useGetGridDimensions.ts": {"path":"/home/flanagan/projects/pokedex-native/hooks/useGetGridDimensions.ts","statementMap":{"0":{"start":{"line":8,"column":32},"end":{"line":8,"column":43}},"1":{"start":{"line":9,"column":28},"end":{"line":9,"column":49}},"2":{"start":{"line":11,"column":33},"end":{"line":11,"column":73}},"3":{"start":{"line":13,"column":2},"end":{"line":18,"column":14}},"4":{"start":{"line":14,"column":4},"end":{"line":14,"column":35}},"5":{"start":{"line":14,"column":21},"end":{"line":14,"column":35}},"6":{"start":{"line":15,"column":4},"end":{"line":15,"column":51}},"7":{"start":{"line":15,"column":37},"end":{"line":15,"column":51}},"8":{"start":{"line":16,"column":4},"end":{"line":16,"column":52}},"9":{"start":{"line":16,"column":38},"end":{"line":16,"column":52}},"10":{"start":{"line":17,"column":4},"end":{"line":17,"column":38}},"11":{"start":{"line":17,"column":23},"end":{"line":17,"column":38}},"12":{"start":{"line":19,"column":2},"end":{"line":19,"column":45}}},"fnMap":{"0":{"name":"useGetGridDimensions","decl":{"start":{"line":4,"column":16},"end":{"line":4,"column":36}},"loc":{"start":{"line":7,"column":2},"end":{"line":20,"column":1}},"line":7},"1":{"name":"(anonymous_1)","decl":{"start":{"line":13,"column":12},"end":{"line":13,"column":13}},"loc":{"start":{"line":13,"column":18},"end":{"line":18,"column":3}},"line":13}},"branchMap":{"0":{"loc":{"start":{"line":14,"column":4},"end":{"line":14,"column":35}},"type":"if","locations":[{"start":{"line":14,"column":4},"end":{"line":14,"column":35}},{"start":{},"end":{}}],"line":14},"1":{"loc":{"start":{"line":15,"column":4},"end":{"line":15,"column":51}},"type":"if","locations":[{"start":{"line":15,"column":4},"end":{"line":15,"column":51}},{"start":{},"end":{}}],"line":15},"2":{"loc":{"start":{"line":15,"column":8},"end":{"line":15,"column":35}},"type":"binary-expr","locations":[{"start":{"line":15,"column":8},"end":{"line":15,"column":20}},{"start":{"line":15,"column":24},"end":{"line":15,"column":35}}],"line":15},"3":{"loc":{"start":{"line":16,"column":4},"end":{"line":16,"column":52}},"type":"if","locations":[{"start":{"line":16,"column":4},"end":{"line":16,"column":52}},{"start":{},"end":{}}],"line":16},"4":{"loc":{"start":{"line":16,"column":8},"end":{"line":16,"column":36}},"type":"binary-expr","locations":[{"start":{"line":16,"column":8},"end":{"line":16,"column":20}},{"start":{"line":16,"column":24},"end":{"line":16,"column":36}}],"line":16},"5":{"loc":{"start":{"line":17,"column":4},"end":{"line":17,"column":38}},"type":"if","locations":[{"start":{"line":17,"column":4},"end":{"line":17,"column":38}},{"start":{},"end":{}}],"line":17}},"s":{"0":57,"1":57,"2":57,"3":57,"4":6,"5":0,"6":6,"7":0,"8":6,"9":6,"10":6,"11":0,"12":57},"f":{"0":57,"1":6},"b":{"0":[0,6],"1":[0,6],"2":[6,6],"3":[6,0],"4":[6,6],"5":[0,6]},"_coverageSchema":"1a1c01bbd47fc00a2c39e90264f33305004495a9","hash":"0a51fb538c4e92e1ceeb2e3d21ba4ceaf5a3f702"}
,"/home/flanagan/projects/pokedex-native/modules/Pokemon/adapters.ts": {"path":"/home/flanagan/projects/pokedex-native/modules/Pokemon/adapters.ts","statementMap":{"0":{"start":{"line":12,"column":66},"end":{"line":18,"column":4}},"1":{"start":{"line":14,"column":32},"end":{"line":14,"column":56}},"2":{"start":{"line":16,"column":34},"end":{"line":16,"column":47}},"3":{"start":{"line":21,"column":4},"end":{"line":23,"column":5}},"4":{"start":{"line":22,"column":6},"end":{"line":22,"column":28}},"5":{"start":{"line":25,"column":27},"end":{"line":25,"column":63}},"6":{"start":{"line":26,"column":19},"end":{"line":26,"column":60}},"7":{"start":{"line":26,"column":47},"end":{"line":26,"column":59}},"8":{"start":{"line":27,"column":2},"end":{"line":27,"column":77}},"9":{"start":{"line":34,"column":22},"end":{"line":34,"column":38}},"10":{"start":{"line":35,"column":25},"end":{"line":35,"column":80}},"11":{"start":{"line":36,"column":15},"end":{"line":36,"column":35}},"12":{"start":{"line":38,"column":24},"end":{"line":38,"column":37}},"13":{"start":{"line":39,"column":4},"end":{"line":39,"column":63}},"14":{"start":{"line":42,"column":4},"end":{"line":42,"column":29}},"15":{"start":{"line":44,"column":2},"end":{"line":44,"column":48}}},"fnMap":{"0":{"name":"useGetPokemonList","decl":{"start":{"line":6,"column":16},"end":{"line":6,"column":33}},"loc":{"start":{"line":11,"column":2},"end":{"line":28,"column":1}},"line":11},"1":{"name":"(anonymous_1)","decl":{"start":{"line":14,"column":13},"end":{"line":14,"column":14}},"loc":{"start":{"line":14,"column":32},"end":{"line":14,"column":56}},"line":14},"2":{"name":"(anonymous_2)","decl":{"start":{"line":16,"column":22},"end":{"line":16,"column":23}},"loc":{"start":{"line":16,"column":34},"end":{"line":16,"column":47}},"line":16},"3":{"name":"getNextPage","decl":{"start":{"line":20,"column":17},"end":{"line":20,"column":28}},"loc":{"start":{"line":20,"column":31},"end":{"line":24,"column":3}},"line":20},"4":{"name":"(anonymous_4)","decl":{"start":{"line":26,"column":39},"end":{"line":26,"column":40}},"loc":{"start":{"line":26,"column":47},"end":{"line":26,"column":59}},"line":26},"5":{"name":"usePersistVisitedPokemon","decl":{"start":{"line":30,"column":16},"end":{"line":30,"column":40}},"loc":{"start":{"line":33,"column":2},"end":{"line":45,"column":1}},"line":33},"6":{"name":"savePokemonVisited","decl":{"start":{"line":37,"column":11},"end":{"line":37,"column":29}},"loc":{"start":{"line":37,"column":42},"end":{"line":40,"column":3}},"line":37},"7":{"name":"checkIfVisited","decl":{"start":{"line":41,"column":11},"end":{"line":41,"column":25}},"loc":{"start":{"line":41,"column":38},"end":{"line":43,"column":3}},"line":41}},"branchMap":{"0":{"loc":{"start":{"line":21,"column":4},"end":{"line":23,"column":5}},"type":"if","locations":[{"start":{"line":21,"column":4},"end":{"line":23,"column":5}},{"start":{},"end":{}}],"line":21},"1":{"loc":{"start":{"line":21,"column":8},"end":{"line":21,"column":34}},"type":"binary-expr","locations":[{"start":{"line":21,"column":8},"end":{"line":21,"column":19}},{"start":{"line":21,"column":23},"end":{"line":21,"column":34}}],"line":21},"2":{"loc":{"start":{"line":36,"column":15},"end":{"line":36,"column":35}},"type":"binary-expr","locations":[{"start":{"line":36,"column":15},"end":{"line":36,"column":29}},{"start":{"line":36,"column":33},"end":{"line":36,"column":35}}],"line":36}},"s":{"0":57,"1":6,"2":120,"3":32,"4":0,"5":57,"6":57,"7":49,"8":57,"9":59,"10":59,"11":59,"12":2,"13":2,"14":65,"15":59},"f":{"0":57,"1":6,"2":120,"3":32,"4":49,"5":59,"6":2,"7":65},"b":{"0":[0,32],"1":[32,0],"2":[59,20]},"_coverageSchema":"1a1c01bbd47fc00a2c39e90264f33305004495a9","hash":"141a1df330ff19ede45bbebd71ead0f3185e28d0"}
,"/home/flanagan/projects/pokedex-native/modules/Pokemon/list.screen.tsx": {"path":"/home/flanagan/projects/pokedex-native/modules/Pokemon/list.screen.tsx","statementMap":{"0":{"start":{"line":12,"column":30},"end":{"line":12,"column":42}},"1":{"start":{"line":13,"column":28},"end":{"line":15,"column":3}},"2":{"start":{"line":14,"column":4},"end":{"line":14,"column":20}},"3":{"start":{"line":17,"column":2},"end":{"line":37,"column":4}},"4":{"start":{"line":35,"column":36},"end":{"line":35,"column":49}}},"fnMap":{"0":{"name":"PokeListScreen","decl":{"start":{"line":11,"column":16},"end":{"line":11,"column":30}},"loc":{"start":{"line":11,"column":33},"end":{"line":38,"column":1}},"line":11},"1":{"name":"(anonymous_1)","decl":{"start":{"line":13,"column":28},"end":{"line":13,"column":29}},"loc":{"start":{"line":13,"column":46},"end":{"line":15,"column":3}},"line":13},"2":{"name":"(anonymous_2)","decl":{"start":{"line":35,"column":30},"end":{"line":35,"column":31}},"loc":{"start":{"line":35,"column":36},"end":{"line":35,"column":49}},"line":35}},"branchMap":{},"s":{"0":22,"1":22,"2":18,"3":22,"4":0},"f":{"0":22,"1":18,"2":0},"b":{},"_coverageSchema":"1a1c01bbd47fc00a2c39e90264f33305004495a9","hash":"4663aae45d6ac4d473806503a45cc3eb3ea5835f"}
,"/home/flanagan/projects/pokedex-native/modules/Pokemon/services.ts": {"path":"/home/flanagan/projects/pokedex-native/modules/Pokemon/services.ts","statementMap":{"0":{"start":{"line":3,"column":19},"end":{"line":3,"column":21}},"1":{"start":{"line":6,"column":19},"end":{"line":6,"column":75}},"2":{"start":{"line":7,"column":15},"end":{"line":7,"column":57}},"3":{"start":{"line":8,"column":2},"end":{"line":21,"column":4}},"4":{"start":{"line":14,"column":35},"end":{"line":17,"column":5}},"5":{"start":{"line":18,"column":34},"end":{"line":18,"column":48}},"6":{"start":{"line":25,"column":14},"end":{"line":25,"column":86}},"7":{"start":{"line":26,"column":19},"end":{"line":26,"column":35}},"8":{"start":{"line":27,"column":15},"end":{"line":27,"column":58}},"9":{"start":{"line":28,"column":21},"end":{"line":28,"column":93}},"10":{"start":{"line":29,"column":18},"end":{"line":29,"column":30}},"11":{"start":{"line":30,"column":25},"end":{"line":32,"column":4}},"12":{"start":{"line":31,"column":4},"end":{"line":31,"column":37}},"13":{"start":{"line":33,"column":22},"end":{"line":33,"column":55}},"14":{"start":{"line":34,"column":2},"end":{"line":34,"column":52}}},"fnMap":{"0":{"name":"fetchPokemon","decl":{"start":{"line":5,"column":22},"end":{"line":5,"column":34}},"loc":{"start":{"line":5,"column":67},"end":{"line":22,"column":1}},"line":5},"1":{"name":"(anonymous_1)","decl":{"start":{"line":14,"column":26},"end":{"line":14,"column":27}},"loc":{"start":{"line":14,"column":35},"end":{"line":17,"column":5}},"line":14},"2":{"name":"(anonymous_2)","decl":{"start":{"line":18,"column":26},"end":{"line":18,"column":27}},"loc":{"start":{"line":18,"column":34},"end":{"line":18,"column":48}},"line":18},"3":{"name":"fetchPokeList","decl":{"start":{"line":24,"column":22},"end":{"line":24,"column":35}},"loc":{"start":{"line":24,"column":71},"end":{"line":35,"column":1}},"line":24},"4":{"name":"(anonymous_4)","decl":{"start":{"line":30,"column":37},"end":{"line":30,"column":38}},"loc":{"start":{"line":30,"column":73},"end":{"line":32,"column":3}},"line":30}},"branchMap":{"0":{"loc":{"start":{"line":28,"column":21},"end":{"line":28,"column":93}},"type":"cond-expr","locations":[{"start":{"line":28,"column":33},"end":{"line":28,"column":86}},{"start":{"line":28,"column":89},"end":{"line":28,"column":93}}],"line":28}},"s":{"0":2,"1":10,"2":10,"3":10,"4":60,"5":15,"6":6,"7":6,"8":6,"9":6,"10":6,"11":6,"12":10,"13":5,"14":5},"f":{"0":10,"1":60,"2":15,"3":6,"4":10},"b":{"0":[0,6]},"_coverageSchema":"1a1c01bbd47fc00a2c39e90264f33305004495a9","hash":"fafb7230c429d1d598064e9804d340a485a8aaf7"}
,"/home/flanagan/projects/pokedex-native/modules/Pokemon/components/EmptyMessage.tsx": {"path":"/home/flanagan/projects/pokedex-native/modules/Pokemon/components/EmptyMessage.tsx","statementMap":{"0":{"start":{"line":7,"column":2},"end":{"line":17,"column":4}}},"fnMap":{"0":{"name":"EmptyMessage","decl":{"start":{"line":6,"column":16},"end":{"line":6,"column":28}},"loc":{"start":{"line":6,"column":31},"end":{"line":18,"column":1}},"line":6}},"branchMap":{},"s":{"0":1},"f":{"0":1},"b":{},"_coverageSchema":"1a1c01bbd47fc00a2c39e90264f33305004495a9","hash":"b4f60056b245867ada42dd868eca301761f7fbfa"}
,"/home/flanagan/projects/pokedex-native/modules/Pokemon/components/ErrorMessage.tsx": {"path":"/home/flanagan/projects/pokedex-native/modules/Pokemon/components/ErrorMessage.tsx","statementMap":{"0":{"start":{"line":12,"column":2},"end":{"line":24,"column":4}}},"fnMap":{"0":{"name":"ErrorMessage","decl":{"start":{"line":11,"column":16},"end":{"line":11,"column":28}},"loc":{"start":{"line":11,"column":68},"end":{"line":25,"column":1}},"line":11}},"branchMap":{},"s":{"0":2},"f":{"0":2},"b":{},"_coverageSchema":"1a1c01bbd47fc00a2c39e90264f33305004495a9","hash":"e15d8cca21db0a1d65d4a09a04f2395e56726978"}
,"/home/flanagan/projects/pokedex-native/modules/Pokemon/components/LoadingCard.tsx": {"path":"/home/flanagan/projects/pokedex-native/modules/Pokemon/components/LoadingCard.tsx","statementMap":{"0":{"start":{"line":16,"column":23},"end":{"line":16,"column":40}},"1":{"start":{"line":18,"column":2},"end":{"line":30,"column":18}},"2":{"start":{"line":19,"column":4},"end":{"line":29,"column":5}},"3":{"start":{"line":20,"column":6},"end":{"line":26,"column":8}},"4":{"start":{"line":28,"column":6},"end":{"line":28,"column":29}},"5":{"start":{"line":32,"column":24},"end":{"line":34,"column":5}},"6":{"start":{"line":32,"column":48},"end":{"line":34,"column":3}},"7":{"start":{"line":36,"column":2},"end":{"line":42,"column":5}},"8":{"start":{"line":37,"column":4},"end":{"line":41,"column":10}}},"fnMap":{"0":{"name":"LoadingCard","decl":{"start":{"line":15,"column":16},"end":{"line":15,"column":27}},"loc":{"start":{"line":15,"column":72},"end":{"line":43,"column":1}},"line":15},"1":{"name":"(anonymous_1)","decl":{"start":{"line":18,"column":12},"end":{"line":18,"column":13}},"loc":{"start":{"line":18,"column":18},"end":{"line":30,"column":3}},"line":18},"2":{"name":"(anonymous_2)","decl":{"start":{"line":32,"column":41},"end":{"line":32,"column":42}},"loc":{"start":{"line":32,"column":48},"end":{"line":34,"column":3}},"line":32},"3":{"name":"(anonymous_3)","decl":{"start":{"line":36,"column":43},"end":{"line":36,"column":44}},"loc":{"start":{"line":37,"column":4},"end":{"line":41,"column":10}},"line":37}},"branchMap":{"0":{"loc":{"start":{"line":15,"column":41},"end":{"line":15,"column":50}},"type":"default-arg","locations":[{"start":{"line":15,"column":49},"end":{"line":15,"column":50}}],"line":15},"1":{"loc":{"start":{"line":19,"column":4},"end":{"line":29,"column":5}},"type":"if","locations":[{"start":{"line":19,"column":4},"end":{"line":29,"column":5}},{"start":{"line":27,"column":11},"end":{"line":29,"column":5}}],"line":19}},"s":{"0":225,"1":225,"2":64,"3":36,"4":28,"5":225,"6":13835,"7":225,"8":355},"f":{"0":225,"1":64,"2":13835,"3":355},"b":{"0":[199],"1":[36,28]},"_coverageSchema":"1a1c01bbd47fc00a2c39e90264f33305004495a9","hash":"5ce3e9b1f9943142b46ca18cc5f612098ea6f701"}
,"/home/flanagan/projects/pokedex-native/modules/Pokemon/components/PokemonCard.tsx": {"path":"/home/flanagan/projects/pokedex-native/modules/Pokemon/components/PokemonCard.tsx","statementMap":{"0":{"start":{"line":21,"column":16},"end":{"line":21,"column":33}},"1":{"start":{"line":22,"column":18},"end":{"line":22,"column":51}},"2":{"start":{"line":24,"column":2},"end":{"line":28,"column":25}},"3":{"start":{"line":25,"column":4},"end":{"line":27,"column":7}},"4":{"start":{"line":30,"column":24},"end":{"line":35,"column":3}},"5":{"start":{"line":31,"column":4},"end":{"line":34,"column":7}},"6":{"start":{"line":37,"column":25},"end":{"line":42,"column":3}},"7":{"start":{"line":38,"column":4},"end":{"line":41,"column":7}},"8":{"start":{"line":44,"column":25},"end":{"line":52,"column":4}},"9":{"start":{"line":45,"column":4},"end":{"line":51,"column":6}},"10":{"start":{"line":54,"column":2},"end":{"line":75,"column":4}}},"fnMap":{"0":{"name":"PokemonCard","decl":{"start":{"line":20,"column":16},"end":{"line":20,"column":27}},"loc":{"start":{"line":20,"column":77},"end":{"line":76,"column":1}},"line":20},"1":{"name":"(anonymous_1)","decl":{"start":{"line":24,"column":12},"end":{"line":24,"column":13}},"loc":{"start":{"line":24,"column":18},"end":{"line":28,"column":3}},"line":24},"2":{"name":"(anonymous_2)","decl":{"start":{"line":30,"column":24},"end":{"line":30,"column":25}},"loc":{"start":{"line":30,"column":30},"end":{"line":35,"column":3}},"line":30},"3":{"name":"(anonymous_3)","decl":{"start":{"line":37,"column":25},"end":{"line":37,"column":26}},"loc":{"start":{"line":37,"column":31},"end":{"line":42,"column":3}},"line":37},"4":{"name":"(anonymous_4)","decl":{"start":{"line":44,"column":42},"end":{"line":44,"column":43}},"loc":{"start":{"line":44,"column":48},"end":{"line":52,"column":3}},"line":44}},"branchMap":{"0":{"loc":{"start":{"line":22,"column":33},"end":{"line":22,"column":50}},"type":"cond-expr","locations":[{"start":{"line":22,"column":43},"end":{"line":22,"column":44}},{"start":{"line":22,"column":47},"end":{"line":22,"column":50}}],"line":22},"1":{"loc":{"start":{"line":25,"column":31},"end":{"line":25,"column":48}},"type":"cond-expr","locations":[{"start":{"line":25,"column":41},"end":{"line":25,"column":42}},{"start":{"line":25,"column":45},"end":{"line":25,"column":48}}],"line":25},"2":{"loc":{"start":{"line":64,"column":83},"end":{"line":64,"column":127}},"type":"cond-expr","locations":[{"start":{"line":64,"column":93},"end":{"line":64,"column":108}},{"start":{"line":64,"column":111},"end":{"line":64,"column":127}}],"line":64}},"s":{"0":65,"1":65,"2":65,"3":22,"4":65,"5":2,"6":65,"7":2,"8":65,"9":402,"10":65},"f":{"0":65,"1":22,"2":2,"3":2,"4":402},"b":{"0":[28,37],"1":[8,14],"2":[28,37]},"_coverageSchema":"1a1c01bbd47fc00a2c39e90264f33305004495a9","hash":"4cbcf0d06336e0ec9d4ec0ebe4a4146719f0b7b8"}
,"/home/flanagan/projects/pokedex-native/modules/Pokemon/components/PokemonDetails.tsx": {"path":"/home/flanagan/projects/pokedex-native/modules/Pokemon/components/PokemonDetails.tsx","statementMap":{"0":{"start":{"line":19,"column":33},"end":{"line":19,"column":59}},"1":{"start":{"line":20,"column":2},"end":{"line":24,"column":36}},"2":{"start":{"line":21,"column":4},"end":{"line":23,"column":5}},"3":{"start":{"line":22,"column":6},"end":{"line":22,"column":37}},"4":{"start":{"line":26,"column":2},"end":{"line":61,"column":4}},"5":{"start":{"line":38,"column":14},"end":{"line":38,"column":50}},"6":{"start":{"line":49,"column":16},"end":{"line":49,"column":76}},"7":{"start":{"line":54,"column":16},"end":{"line":54,"column":76}}},"fnMap":{"0":{"name":"PokemonDetails","decl":{"start":{"line":18,"column":16},"end":{"line":18,"column":30}},"loc":{"start":{"line":18,"column":65},"end":{"line":62,"column":1}},"line":18},"1":{"name":"(anonymous_1)","decl":{"start":{"line":20,"column":12},"end":{"line":20,"column":13}},"loc":{"start":{"line":20,"column":18},"end":{"line":24,"column":3}},"line":20},"2":{"name":"(anonymous_2)","decl":{"start":{"line":37,"column":31},"end":{"line":37,"column":32}},"loc":{"start":{"line":38,"column":14},"end":{"line":38,"column":50}},"line":38},"3":{"name":"(anonymous_3)","decl":{"start":{"line":48,"column":45},"end":{"line":48,"column":46}},"loc":{"start":{"line":49,"column":16},"end":{"line":49,"column":76}},"line":49},"4":{"name":"(anonymous_4)","decl":{"start":{"line":53,"column":42},"end":{"line":53,"column":43}},"loc":{"start":{"line":54,"column":16},"end":{"line":54,"column":76}},"line":54}},"branchMap":{"0":{"loc":{"start":{"line":21,"column":4},"end":{"line":23,"column":5}},"type":"if","locations":[{"start":{"line":21,"column":4},"end":{"line":23,"column":5}},{"start":{},"end":{}}],"line":21},"1":{"loc":{"start":{"line":28,"column":7},"end":{"line":59,"column":7}},"type":"binary-expr","locations":[{"start":{"line":28,"column":7},"end":{"line":28,"column":14}},{"start":{"line":29,"column":8},"end":{"line":58,"column":17}}],"line":28}},"s":{"0":2,"1":2,"2":2,"3":2,"4":2,"5":4,"6":6,"7":6},"f":{"0":2,"1":2,"2":4,"3":6,"4":6},"b":{"0":[2,0],"1":[2,2]},"_coverageSchema":"1a1c01bbd47fc00a2c39e90264f33305004495a9","hash":"07674595af80bedb0aa26e83f58c45620970f6a4"}
,"/home/flanagan/projects/pokedex-native/modules/Pokemon/components/PokemonList.tsx": {"path":"/home/flanagan/projects/pokedex-native/modules/Pokemon/components/PokemonList.tsx","statementMap":{"0":{"start":{"line":20,"column":40},"end":{"line":20,"column":70}},"1":{"start":{"line":21,"column":60},"end":{"line":21,"column":79}},"2":{"start":{"line":22,"column":29},"end":{"line":22,"column":55}},"3":{"start":{"line":24,"column":38},"end":{"line":24,"column":59}},"4":{"start":{"line":25,"column":46},"end":{"line":25,"column":78}},"5":{"start":{"line":26,"column":23},"end":{"line":26,"column":60}},"6":{"start":{"line":28,"column":4},"end":{"line":28,"column":81}},"7":{"start":{"line":30,"column":2},"end":{"line":35,"column":25}},"8":{"start":{"line":31,"column":23},"end":{"line":31,"column":44}},"9":{"start":{"line":32,"column":4},"end":{"line":34,"column":5}},"10":{"start":{"line":33,"column":6},"end":{"line":33,"column":20}},"11":{"start":{"line":36,"column":2},"end":{"line":38,"column":3}},"12":{"start":{"line":37,"column":4},"end":{"line":37,"column":91}},"13":{"start":{"line":40,"column":2},"end":{"line":91,"column":4}},"14":{"start":{"line":49,"column":32},"end":{"line":49,"column":63}},"15":{"start":{"line":51,"column":12},"end":{"line":70,"column":13}},"16":{"start":{"line":58,"column":18},"end":{"line":58,"column":44}},"17":{"start":{"line":58,"column":37},"end":{"line":58,"column":44}},"18":{"start":{"line":59,"column":37},"end":{"line":59,"column":61}},"19":{"start":{"line":60,"column":18},"end":{"line":60,"column":40}},"20":{"start":{"line":66,"column":33},"end":{"line":66,"column":53}},"21":{"start":{"line":88,"column":23},"end":{"line":88,"column":43}}},"fnMap":{"0":{"name":"PokemonList","decl":{"start":{"line":19,"column":16},"end":{"line":19,"column":27}},"loc":{"start":{"line":19,"column":58},"end":{"line":92,"column":1}},"line":19},"1":{"name":"(anonymous_1)","decl":{"start":{"line":30,"column":12},"end":{"line":30,"column":13}},"loc":{"start":{"line":30,"column":18},"end":{"line":35,"column":3}},"line":30},"2":{"name":"(anonymous_2)","decl":{"start":{"line":49,"column":24},"end":{"line":49,"column":25}},"loc":{"start":{"line":49,"column":32},"end":{"line":49,"column":63}},"line":49},"3":{"name":"(anonymous_3)","decl":{"start":{"line":50,"column":22},"end":{"line":50,"column":23}},"loc":{"start":{"line":51,"column":12},"end":{"line":70,"column":13}},"line":51},"4":{"name":"(anonymous_4)","decl":{"start":{"line":57,"column":26},"end":{"line":57,"column":27}},"loc":{"start":{"line":57,"column":35},"end":{"line":61,"column":17}},"line":57},"5":{"name":"(anonymous_5)","decl":{"start":{"line":66,"column":27},"end":{"line":66,"column":28}},"loc":{"start":{"line":66,"column":33},"end":{"line":66,"column":53}},"line":66},"6":{"name":"(anonymous_6)","decl":{"start":{"line":88,"column":17},"end":{"line":88,"column":18}},"loc":{"start":{"line":88,"column":23},"end":{"line":88,"column":43}},"line":88}},"branchMap":{"0":{"loc":{"start":{"line":26,"column":37},"end":{"line":26,"column":51}},"type":"binary-expr","locations":[{"start":{"line":26,"column":37},"end":{"line":26,"column":45}},{"start":{"line":26,"column":49},"end":{"line":26,"column":51}}],"line":26},"1":{"loc":{"start":{"line":28,"column":4},"end":{"line":28,"column":81}},"type":"cond-expr","locations":[{"start":{"line":28,"column":34},"end":{"line":28,"column":76}},{"start":{"line":28,"column":79},"end":{"line":28,"column":81}}],"line":28},"2":{"loc":{"start":{"line":28,"column":5},"end":{"line":28,"column":26}},"type":"binary-expr","locations":[{"start":{"line":28,"column":5},"end":{"line":28,"column":21}},{"start":{"line":28,"column":25},"end":{"line":28,"column":26}}],"line":28},"3":{"loc":{"start":{"line":31,"column":23},"end":{"line":31,"column":44}},"type":"binary-expr","locations":[{"start":{"line":31,"column":23},"end":{"line":31,"column":39}},{"start":{"line":31,"column":43},"end":{"line":31,"column":44}}],"line":31},"4":{"loc":{"start":{"line":32,"column":4},"end":{"line":34,"column":5}},"type":"if","locations":[{"start":{"line":32,"column":4},"end":{"line":34,"column":5}},{"start":{},"end":{}}],"line":32},"5":{"loc":{"start":{"line":32,"column":8},"end":{"line":32,"column":54}},"type":"binary-expr","locations":[{"start":{"line":32,"column":8},"end":{"line":32,"column":43}},{"start":{"line":32,"column":47},"end":{"line":32,"column":54}}],"line":32},"6":{"loc":{"start":{"line":36,"column":2},"end":{"line":38,"column":3}},"type":"if","locations":[{"start":{"line":36,"column":2},"end":{"line":38,"column":3}},{"start":{},"end":{}}],"line":36},"7":{"loc":{"start":{"line":42,"column":7},"end":{"line":84,"column":7}},"type":"cond-expr","locations":[{"start":{"line":43,"column":8},"end":{"line":43,"column":24}},{"start":{"line":45,"column":8},"end":{"line":83,"column":10}}],"line":42},"8":{"loc":{"start":{"line":42,"column":7},"end":{"line":42,"column":58}},"type":"binary-expr","locations":[{"start":{"line":42,"column":7},"end":{"line":42,"column":15}},{"start":{"line":42,"column":19},"end":{"line":42,"column":44}},{"start":{"line":42,"column":48},"end":{"line":42,"column":58}}],"line":42},"9":{"loc":{"start":{"line":49,"column":32},"end":{"line":49,"column":63}},"type":"binary-expr","locations":[{"start":{"line":49,"column":32},"end":{"line":49,"column":52}},{"start":{"line":49,"column":56},"end":{"line":49,"column":63}}],"line":49},"10":{"loc":{"start":{"line":51,"column":12},"end":{"line":70,"column":13}},"type":"cond-expr","locations":[{"start":{"line":52,"column":14},"end":{"line":52,"column":51}},{"start":{"line":54,"column":14},"end":{"line":69,"column":20}}],"line":51},"11":{"loc":{"start":{"line":58,"column":18},"end":{"line":58,"column":44}},"type":"if","locations":[{"start":{"line":58,"column":18},"end":{"line":58,"column":44}},{"start":{},"end":{}}],"line":58},"12":{"loc":{"start":{"line":75,"column":12},"end":{"line":79,"column":20}},"type":"cond-expr","locations":[{"start":{"line":76,"column":14},"end":{"line":78,"column":23}},{"start":{"line":79,"column":16},"end":{"line":79,"column":20}}],"line":75}},"s":{"0":57,"1":57,"2":57,"3":57,"4":57,"5":57,"6":57,"7":57,"8":51,"9":51,"10":32,"11":57,"12":2,"13":55,"14":312,"15":264,"16":0,"17":0,"18":0,"19":0,"20":2,"21":1},"f":{"0":57,"1":51,"2":312,"3":264,"4":0,"5":2,"6":1},"b":{"0":[57,8],"1":[49,8],"2":[57,8],"3":[51,2],"4":[32,19],"5":[51,51],"6":[2,55],"7":[1,54],"8":[55,47,10],"9":[312,227],"10":[199,65],"11":[0,0],"12":[26,28]},"_coverageSchema":"1a1c01bbd47fc00a2c39e90264f33305004495a9","hash":"df19e7b41190ebfd159b56b91f4716d895116623"}
,"/home/flanagan/projects/pokedex-native/modules/Pokemon/components/PokemonModal.tsx": {"path":"/home/flanagan/projects/pokedex-native/modules/Pokemon/components/PokemonModal.tsx","statementMap":{"0":{"start":{"line":19,"column":2},"end":{"line":32,"column":4}}},"fnMap":{"0":{"name":"PokemonModal","decl":{"start":{"line":18,"column":16},"end":{"line":18,"column":28}},"loc":{"start":{"line":18,"column":72},"end":{"line":33,"column":1}},"line":18}},"branchMap":{},"s":{"0":55},"f":{"0":55},"b":{},"_coverageSchema":"1a1c01bbd47fc00a2c39e90264f33305004495a9","hash":"88887320b43d5953996795d1bb0cbcbb078773a1"}
,"/home/flanagan/projects/pokedex-native/modules/Pokemon/components/RefreshButton.tsx": {"path":"/home/flanagan/projects/pokedex-native/modules/Pokemon/components/RefreshButton.tsx","statementMap":{"0":{"start":{"line":8,"column":2},"end":{"line":12,"column":4}}},"fnMap":{"0":{"name":"RefreshButton","decl":{"start":{"line":7,"column":16},"end":{"line":7,"column":29}},"loc":{"start":{"line":7,"column":63},"end":{"line":13,"column":1}},"line":7}},"branchMap":{},"s":{"0":22},"f":{"0":22},"b":{},"_coverageSchema":"1a1c01bbd47fc00a2c39e90264f33305004495a9","hash":"620e90cb6d5516150b84ddb894e2fba5e4c89b54"}
,"/home/flanagan/projects/pokedex-native/modules/Pokemon/components/Stat.tsx": {"path":"/home/flanagan/projects/pokedex-native/modules/Pokemon/components/Stat.tsx","statementMap":{"0":{"start":{"line":5,"column":18},"end":{"line":5,"column":21}},"1":{"start":{"line":7,"column":2},"end":{"line":14,"column":4}}},"fnMap":{"0":{"name":"Stat","decl":{"start":{"line":6,"column":16},"end":{"line":6,"column":20}},"loc":{"start":{"line":6,"column":71},"end":{"line":15,"column":1}},"line":6}},"branchMap":{},"s":{"0":2,"1":12},"f":{"0":12},"b":{},"_coverageSchema":"1a1c01bbd47fc00a2c39e90264f33305004495a9","hash":"35acdc46f625b129339e2b32cacc32ed557a6112"}
,"/home/flanagan/projects/pokedex-native/modules/Pokemon/components/TypeBadge.tsx": {"path":"/home/flanagan/projects/pokedex-native/modules/Pokemon/components/TypeBadge.tsx","statementMap":{"0":{"start":{"line":5,"column":32},"end":{"line":5,"column":50}},"1":{"start":{"line":6,"column":2},"end":{"line":13,"column":4}}},"fnMap":{"0":{"name":"TypeBadge","decl":{"start":{"line":4,"column":16},"end":{"line":4,"column":25}},"loc":{"start":{"line":4,"column":54},"end":{"line":14,"column":1}},"line":4}},"branchMap":{},"s":{"0":4,"1":4},"f":{"0":4},"b":{},"_coverageSchema":"1a1c01bbd47fc00a2c39e90264f33305004495a9","hash":"44eb6ac387e8b97f351659e3a8172cfb3dad0685"}
,"/home/flanagan/projects/pokedex-native/modules/Pokemon/components/utils.ts": {"path":"/home/flanagan/projects/pokedex-native/modules/Pokemon/components/utils.ts","statementMap":{"0":{"start":{"line":4,"column":76},"end":{"line":23,"column":3}},"1":{"start":{"line":25,"column":2},"end":{"line":25,"column":47}},"2":{"start":{"line":29,"column":34},"end":{"line":29,"column":71}},"3":{"start":{"line":30,"column":23},"end":{"line":30,"column":60}},"4":{"start":{"line":31,"column":2},"end":{"line":31,"column":66}},"5":{"start":{"line":35,"column":2},"end":{"line":35,"column":99}},"6":{"start":{"line":35,"column":36},"end":{"line":35,"column":97}}},"fnMap":{"0":{"name":"getTypeColor","decl":{"start":{"line":3,"column":16},"end":{"line":3,"column":28}},"loc":{"start":{"line":3,"column":82},"end":{"line":26,"column":1}},"line":3},"1":{"name":"addEmptyItemsToList","decl":{"start":{"line":28,"column":16},"end":{"line":28,"column":35}},"loc":{"start":{"line":28,"column":89},"end":{"line":32,"column":1}},"line":28},"2":{"name":"searchPokemon","decl":{"start":{"line":34,"column":16},"end":{"line":34,"column":29}},"loc":{"start":{"line":34,"column":78},"end":{"line":36,"column":1}},"line":34},"3":{"name":"(anonymous_3)","decl":{"start":{"line":35,"column":25},"end":{"line":35,"column":26}},"loc":{"start":{"line":35,"column":36},"end":{"line":35,"column":97}},"line":35}},"branchMap":{"0":{"loc":{"start":{"line":25,"column":9},"end":{"line":25,"column":46}},"type":"binary-expr","locations":[{"start":{"line":25,"column":9},"end":{"line":25,"column":25}},{"start":{"line":25,"column":29},"end":{"line":25,"column":46}}],"line":25},"1":{"loc":{"start":{"line":29,"column":35},"end":{"line":29,"column":56}},"type":"binary-expr","locations":[{"start":{"line":29,"column":35},"end":{"line":29,"column":51}},{"start":{"line":29,"column":55},"end":{"line":29,"column":56}}],"line":29},"2":{"loc":{"start":{"line":31,"column":14},"end":{"line":31,"column":28}},"type":"binary-expr","locations":[{"start":{"line":31,"column":14},"end":{"line":31,"column":22}},{"start":{"line":31,"column":26},"end":{"line":31,"column":28}}],"line":31}},"s":{"0":6,"1":6,"2":50,"3":50,"4":50,"5":58,"6":100},"f":{"0":6,"1":50,"2":58,"3":100},"b":{"0":[6,1],"1":[50,0],"2":[50,0]},"_coverageSchema":"1a1c01bbd47fc00a2c39e90264f33305004495a9","hash":"1170d578e6258dd01199cb8b2d2cd382b7230a2a"}
}
