TN:
SF:assets/images/pokeball.png
FNF:0
FNH:0
DA:1,2
LF:1
LH:1
BRF:0
BRH:0
end_of_record
TN:
SF:hooks/useDebounceLoading.ts
FN:3,useDebounceLoading
FN:6,(anonymous_1)
FN:10,(anonymous_2)
FN:14,(anonymous_3)
FNF:4
FNH:4
FNDA:57,useDebounceLoading
FNDA:18,(anonymous_1)
FNDA:1,(anonymous_2)
FNDA:12,(anonymous_3)
DA:4,57
DA:6,57
DA:7,18
DA:8,6
DA:10,12
DA:11,1
DA:14,12
DA:18,57
LF:8
LH:8
BRDA:7,0,0,6
BRDA:7,0,1,12
BRF:2
BRH:2
end_of_record
TN:
SF:hooks/useGetGridDimensions.ts
FN:4,useGetGridDimensions
FN:13,(anonymous_1)
FNF:2
FNH:2
FNDA:57,useGetGridDimensions
FNDA:6,(anonymous_1)
DA:8,57
DA:9,57
DA:11,57
DA:13,57
DA:14,6
DA:15,6
DA:16,6
DA:17,6
DA:19,57
LF:9
LH:9
BRDA:14,0,0,0
BRDA:14,0,1,6
BRDA:15,1,0,0
BRDA:15,1,1,6
BRDA:15,2,0,6
BRDA:15,2,1,6
BRDA:16,3,0,6
BRDA:16,3,1,0
BRDA:16,4,0,6
BRDA:16,4,1,6
BRDA:17,5,0,0
BRDA:17,5,1,6
BRF:12
BRH:8
end_of_record
TN:
SF:modules/Pokemon/adapters.ts
FN:6,useGetPokemonList
FN:14,(anonymous_1)
FN:16,(anonymous_2)
FN:20,getNextPage
FN:26,(anonymous_4)
FN:30,usePersistVisitedPokemon
FN:37,savePokemonVisited
FN:41,checkIfVisited
FNF:8
FNH:8
FNDA:57,useGetPokemonList
FNDA:6,(anonymous_1)
FNDA:120,(anonymous_2)
FNDA:32,getNextPage
FNDA:49,(anonymous_4)
FNDA:59,usePersistVisitedPokemon
FNDA:2,savePokemonVisited
FNDA:65,checkIfVisited
DA:12,57
DA:14,6
DA:16,120
DA:21,32
DA:22,0
DA:25,57
DA:26,57
DA:27,57
DA:34,59
DA:35,59
DA:36,59
DA:38,2
DA:39,2
DA:42,65
DA:44,59
LF:15
LH:14
BRDA:21,0,0,0
BRDA:21,0,1,32
BRDA:21,1,0,32
BRDA:21,1,1,0
BRDA:36,2,0,59
BRDA:36,2,1,20
BRF:6
BRH:4
end_of_record
TN:
SF:modules/Pokemon/list.screen.tsx
FN:11,PokeListScreen
FN:13,(anonymous_1)
FN:35,(anonymous_2)
FNF:3
FNH:2
FNDA:22,PokeListScreen
FNDA:18,(anonymous_1)
FNDA:0,(anonymous_2)
DA:12,22
DA:13,22
DA:14,18
DA:17,22
DA:35,0
LF:5
LH:4
BRF:0
BRH:0
end_of_record
TN:
SF:modules/Pokemon/services.ts
FN:5,fetchPokemon
FN:14,(anonymous_1)
FN:18,(anonymous_2)
FN:24,fetchPokeList
FN:30,(anonymous_4)
FNF:5
FNH:5
FNDA:10,fetchPokemon
FNDA:60,(anonymous_1)
FNDA:15,(anonymous_2)
FNDA:6,fetchPokeList
FNDA:10,(anonymous_4)
DA:3,2
DA:6,10
DA:7,10
DA:8,10
DA:14,60
DA:18,15
DA:25,6
DA:26,6
DA:27,6
DA:28,6
DA:29,6
DA:30,6
DA:31,10
DA:33,5
DA:34,5
LF:15
LH:15
BRDA:28,0,0,0
BRDA:28,0,1,6
BRF:2
BRH:1
end_of_record
TN:
SF:modules/Pokemon/components/EmptyMessage.tsx
FN:6,EmptyMessage
FNF:1
FNH:1
FNDA:1,EmptyMessage
DA:7,1
LF:1
LH:1
BRF:0
BRH:0
end_of_record
TN:
SF:modules/Pokemon/components/ErrorMessage.tsx
FN:11,ErrorMessage
FNF:1
FNH:1
FNDA:2,ErrorMessage
DA:12,2
LF:1
LH:1
BRF:0
BRH:0
end_of_record
TN:
SF:modules/Pokemon/components/LoadingCard.tsx
FN:15,LoadingCard
FN:18,(anonymous_1)
FN:32,(anonymous_2)
FN:36,(anonymous_3)
FNF:4
FNH:4
FNDA:225,LoadingCard
FNDA:64,(anonymous_1)
FNDA:13835,(anonymous_2)
FNDA:355,(anonymous_3)
DA:16,225
DA:18,225
DA:19,64
DA:20,36
DA:28,28
DA:32,13835
DA:36,225
DA:37,355
LF:8
LH:8
BRDA:15,0,0,199
BRDA:19,1,0,36
BRDA:19,1,1,28
BRF:3
BRH:3
end_of_record
TN:
SF:modules/Pokemon/components/PokemonCard.tsx
FN:20,PokemonCard
FN:24,(anonymous_1)
FN:30,(anonymous_2)
FN:37,(anonymous_3)
FN:44,(anonymous_4)
FNF:5
FNH:5
FNDA:65,PokemonCard
FNDA:22,(anonymous_1)
FNDA:2,(anonymous_2)
FNDA:2,(anonymous_3)
FNDA:402,(anonymous_4)
DA:21,65
DA:22,65
DA:24,65
DA:25,22
DA:30,65
DA:31,2
DA:37,65
DA:38,2
DA:44,65
DA:45,402
DA:54,65
LF:11
LH:11
BRDA:22,0,0,28
BRDA:22,0,1,37
BRDA:25,1,0,8
BRDA:25,1,1,14
BRDA:64,2,0,28
BRDA:64,2,1,37
BRF:6
BRH:6
end_of_record
TN:
SF:modules/Pokemon/components/PokemonDetails.tsx
FN:18,PokemonDetails
FN:20,(anonymous_1)
FN:37,(anonymous_2)
FN:48,(anonymous_3)
FN:53,(anonymous_4)
FNF:5
FNH:5
FNDA:2,PokemonDetails
FNDA:2,(anonymous_1)
FNDA:4,(anonymous_2)
FNDA:6,(anonymous_3)
FNDA:6,(anonymous_4)
DA:19,2
DA:20,2
DA:21,2
DA:22,2
DA:26,2
DA:38,4
DA:49,6
DA:54,6
LF:8
LH:8
BRDA:21,0,0,2
BRDA:21,0,1,0
BRDA:28,1,0,2
BRDA:28,1,1,2
BRF:4
BRH:3
end_of_record
TN:
SF:modules/Pokemon/components/PokemonList.tsx
FN:19,PokemonList
FN:30,(anonymous_1)
FN:49,(anonymous_2)
FN:50,(anonymous_3)
FN:57,(anonymous_4)
FN:66,(anonymous_5)
FN:88,(anonymous_6)
FNF:7
FNH:6
FNDA:57,PokemonList
FNDA:51,(anonymous_1)
FNDA:312,(anonymous_2)
FNDA:264,(anonymous_3)
FNDA:0,(anonymous_4)
FNDA:2,(anonymous_5)
FNDA:1,(anonymous_6)
DA:20,57
DA:21,57
DA:22,57
DA:24,57
DA:25,57
DA:26,57
DA:28,57
DA:30,57
DA:31,51
DA:32,51
DA:33,32
DA:36,57
DA:37,2
DA:40,55
DA:49,312
DA:51,264
DA:58,0
DA:59,0
DA:60,0
DA:66,2
DA:88,1
LF:21
LH:18
BRDA:26,0,0,57
BRDA:26,0,1,8
BRDA:28,1,0,49
BRDA:28,1,1,8
BRDA:28,2,0,57
BRDA:28,2,1,8
BRDA:31,3,0,51
BRDA:31,3,1,2
BRDA:32,4,0,32
BRDA:32,4,1,19
BRDA:32,5,0,51
BRDA:32,5,1,51
BRDA:36,6,0,2
BRDA:36,6,1,55
BRDA:42,7,0,1
BRDA:42,7,1,54
BRDA:42,8,0,55
BRDA:42,8,1,47
BRDA:42,8,2,10
BRDA:49,9,0,312
BRDA:49,9,1,227
BRDA:51,10,0,199
BRDA:51,10,1,65
BRDA:58,11,0,0
BRDA:58,11,1,0
BRDA:75,12,0,26
BRDA:75,12,1,28
BRF:27
BRH:25
end_of_record
TN:
SF:modules/Pokemon/components/PokemonModal.tsx
FN:18,PokemonModal
FNF:1
FNH:1
FNDA:55,PokemonModal
DA:19,55
LF:1
LH:1
BRF:0
BRH:0
end_of_record
TN:
SF:modules/Pokemon/components/RefreshButton.tsx
FN:7,RefreshButton
FNF:1
FNH:1
FNDA:22,RefreshButton
DA:8,22
LF:1
LH:1
BRF:0
BRH:0
end_of_record
TN:
SF:modules/Pokemon/components/Stat.tsx
FN:6,Stat
FNF:1
FNH:1
FNDA:12,Stat
DA:5,2
DA:7,12
LF:2
LH:2
BRF:0
BRH:0
end_of_record
TN:
SF:modules/Pokemon/components/TypeBadge.tsx
FN:4,TypeBadge
FNF:1
FNH:1
FNDA:4,TypeBadge
DA:5,4
DA:6,4
LF:2
LH:2
BRF:0
BRH:0
end_of_record
TN:
SF:modules/Pokemon/components/utils.ts
FN:3,getTypeColor
FN:28,addEmptyItemsToList
FN:34,searchPokemon
FN:35,(anonymous_3)
FNF:4
FNH:4
FNDA:6,getTypeColor
FNDA:50,addEmptyItemsToList
FNDA:58,searchPokemon
FNDA:100,(anonymous_3)
DA:4,6
DA:25,6
DA:29,50
DA:30,50
DA:31,50
DA:35,100
LF:6
LH:6
BRDA:25,0,0,6
BRDA:25,0,1,1
BRDA:29,1,0,50
BRDA:29,1,1,0
BRDA:31,2,0,50
BRDA:31,2,1,0
BRF:6
BRH:4
end_of_record
