TN:
SF:hooks/useDebounce.ts
FN:3,useDebounce
FN:6,(anonymous_1)
FN:7,(anonymous_2)
FN:10,(anonymous_3)
FNF:4
FNH:4
FNDA:14,useDebounce
FNDA:6,(anonymous_1)
FNDA:3,(anonymous_2)
FNDA:6,(anonymous_3)
DA:4,14
DA:6,14
DA:7,6
DA:8,3
DA:10,6
DA:11,6
DA:15,14
LF:7
LH:7
BRDA:3,0,0,14
BRF:1
BRH:1
end_of_record
TN:
SF:modules/Pokemon/adapters.ts
FN:5,useGetPokemonList
FN:13,(anonymous_1)
FN:15,(anonymous_2)
FN:19,getNextPage
FN:24,(anonymous_4)
FN:28,useGetPokemon
FN:35,(anonymous_6)
FN:42,usePersistVisitedPokemon
FN:49,savePokemonVisited
FN:53,checkIfVisited
FNF:10
FNH:10
FNDA:20,useGetPokemonList
FNDA:4,(anonymous_1)
FNDA:44,(anonymous_2)
FNDA:20,getNextPage
FNDA:14,(anonymous_4)
FNDA:14,useGetPokemon
FNDA:2,(anonymous_6)
FNDA:25,usePersistVisitedPokemon
FNDA:5,savePokemonVisited
FNDA:13,checkIfVisited
DA:11,20
DA:13,4
DA:15,44
DA:20,20
DA:21,0
DA:24,20
DA:25,20
DA:33,14
DA:35,2
DA:39,14
DA:46,25
DA:47,25
DA:48,25
DA:50,5
DA:51,5
DA:54,13
DA:56,25
LF:17
LH:16
BRDA:20,0,0,0
BRDA:20,0,1,20
BRDA:20,1,0,20
BRDA:20,1,1,0
BRDA:24,2,0,20
BRDA:24,2,1,6
BRDA:48,3,0,25
BRDA:48,3,1,14
BRF:8
BRH:6
end_of_record
TN:
SF:modules/Pokemon/list.screen.tsx
FN:16,PokeListScreen
FN:20,(anonymous_1)
FNF:2
FNH:2
FNDA:14,PokeListScreen
FNDA:2,(anonymous_1)
DA:17,14
DA:18,14
DA:19,14
DA:20,14
DA:21,2
DA:24,14
LF:6
LH:6
BRDA:35,0,0,14
BRDA:35,0,1,1
BRDA:41,1,0,14
BRDA:41,1,1,1
BRDA:42,2,0,14
BRDA:42,2,1,3
BRDA:51,3,0,14
BRDA:51,3,1,6
BRDA:51,3,2,6
BRDA:51,3,3,6
BRF:10
BRH:10
end_of_record
TN:
SF:modules/Pokemon/services.ts
FN:5,fetchPokemon
FN:14,(anonymous_1)
FN:18,(anonymous_2)
FN:24,fetchPokeList
FN:30,(anonymous_4)
FNF:5
FNH:5
FNDA:5,fetchPokemon
FNDA:24,(anonymous_1)
FNDA:8,(anonymous_2)
FNDA:4,fetchPokeList
FNDA:3,(anonymous_4)
DA:3,2
DA:6,5
DA:7,5
DA:8,5
DA:14,24
DA:18,8
DA:25,4
DA:26,4
DA:27,4
DA:28,4
DA:29,4
DA:30,4
DA:31,3
DA:33,3
DA:34,3
LF:15
LH:15
BRDA:28,0,0,0
BRDA:28,0,1,4
BRF:2
BRH:1
end_of_record
TN:
SF:modules/Pokemon/components/ErrorMessage.tsx
FN:11,ErrorMessage
FNF:1
FNH:1
FNDA:2,ErrorMessage
DA:12,2
LF:1
LH:1
BRF:0
BRH:0
end_of_record
TN:
SF:modules/Pokemon/components/PokemonCard.tsx
FN:21,PokemonCard
FN:25,(anonymous_1)
FN:31,(anonymous_2)
FN:38,(anonymous_3)
FN:45,(anonymous_4)
FNF:5
FNH:3
FNDA:13,PokemonCard
FNDA:7,(anonymous_1)
FNDA:0,(anonymous_2)
FNDA:0,(anonymous_3)
FNDA:20,(anonymous_4)
DA:22,13
DA:23,13
DA:25,13
DA:26,7
DA:31,13
DA:32,0
DA:38,13
DA:39,0
DA:45,13
DA:46,20
DA:55,13
DA:80,2
LF:12
LH:10
BRDA:23,0,0,7
BRDA:23,0,1,6
BRDA:26,1,0,4
BRDA:26,1,1,3
BRDA:66,2,0,7
BRDA:66,2,1,6
BRF:6
BRH:6
end_of_record
TN:
SF:modules/Pokemon/components/PokemonDetails.tsx
FN:18,PokemonDetails
FN:20,(anonymous_1)
FN:37,(anonymous_2)
FN:48,(anonymous_3)
FN:53,(anonymous_4)
FNF:5
FNH:5
FNDA:5,PokemonDetails
FNDA:5,(anonymous_1)
FNDA:10,(anonymous_2)
FNDA:15,(anonymous_3)
FNDA:15,(anonymous_4)
DA:19,5
DA:20,5
DA:21,5
DA:22,5
DA:26,5
DA:38,10
DA:49,15
DA:54,15
LF:8
LH:8
BRDA:21,0,0,5
BRDA:21,0,1,0
BRDA:28,1,0,5
BRDA:28,1,1,5
BRF:4
BRH:3
end_of_record
TN:
SF:modules/Pokemon/components/PokemonList.tsx
FN:11,PokemonList
FN:18,(anonymous_1)
FN:25,(anonymous_2)
FN:40,(anonymous_3)
FN:41,(anonymous_4)
FN:45,(anonymous_5)
FN:54,(anonymous_6)
FN:74,(anonymous_7)
FNF:8
FNH:7
FNDA:20,PokemonList
FNDA:6,(anonymous_1)
FNDA:20,(anonymous_2)
FNDA:19,(anonymous_3)
FNDA:13,(anonymous_4)
FNDA:0,(anonymous_5)
FNDA:2,(anonymous_6)
FNDA:1,(anonymous_7)
DA:12,20
DA:13,20
DA:14,20
DA:15,20
DA:16,20
DA:18,20
DA:19,6
DA:20,6
DA:21,6
DA:24,20
DA:25,20
DA:26,20
DA:27,20
DA:28,20
DA:31,20
DA:40,19
DA:42,13
DA:46,0
DA:47,0
DA:48,0
DA:54,2
DA:74,1
LF:22
LH:19
BRDA:19,0,0,0
BRDA:19,0,1,6
BRDA:20,1,0,0
BRDA:20,1,1,6
BRDA:26,2,0,20
BRDA:26,2,1,0
BRDA:27,3,0,20
BRDA:27,3,1,0
BRDA:33,4,0,1
BRDA:33,4,1,19
BRDA:46,5,0,0
BRDA:46,5,1,0
BRDA:46,6,0,0
BRDA:46,6,1,0
BRDA:62,7,0,8
BRDA:62,7,1,11
BRF:16
BRH:8
end_of_record
TN:
SF:modules/Pokemon/components/PokemonModal.tsx
FN:18,PokemonModal
FNF:1
FNH:1
FNDA:20,PokemonModal
DA:19,20
LF:1
LH:1
BRF:0
BRH:0
end_of_record
TN:
SF:modules/Pokemon/components/Stat.tsx
FN:6,Stat
FNF:1
FNH:1
FNDA:30,Stat
DA:5,2
DA:7,30
LF:2
LH:2
BRF:0
BRH:0
end_of_record
TN:
SF:modules/Pokemon/components/TypeBadge.tsx
FN:4,TypeBadge
FNF:1
FNH:1
FNDA:10,TypeBadge
DA:5,10
DA:6,10
LF:2
LH:2
BRF:0
BRH:0
end_of_record
TN:
SF:modules/Pokemon/components/utils.ts
FN:1,getTypeColor
FNF:1
FNH:1
FNDA:12,getTypeColor
DA:2,12
DA:23,12
LF:2
LH:2
BRDA:23,0,0,12
BRDA:23,0,1,1
BRF:2
BRH:2
end_of_record
